Using pre-set license
Built from '2020.3/staging' branch; Version is '2020.3.37f1 (8c66806a0c04) revision 9201280'; Using compiler version '192528614'; Build Type 'Release'
OS: 'Windows 10  (10.0.19043) 64bit Professional' Language: 'en' Physical Memory: 8057 MB
BatchMode: 1, IsHumanControllingUs: 0, StartBugReporterOnCrash: 0, Is64bit: 1, IsPro: 0

COMMAND LINE ARGUMENTS:
D:\Unity\Unity\2020.3.37f1\Editor\Unity.exe
-adb2
-batchMode
-noUpm
-name
AssetImportWorker0
-projectPath
D:/Thuctap/HUEFMC_TT
-logFile
Logs/AssetImportWorker0.log
-srvPort
61913
Successfully changed project path to: D:/Thuctap/HUEFMC_TT
D:/Thuctap/HUEFMC_TT
Using Asset Import Pipeline V2.
Refreshing native plugins compatible for Editor in 60.54 ms, found 2 plugins.
Preloading 0 native plugins for Editor in 0.00 ms.
Initialize engine version: 2020.3.37f1 (8c66806a0c04)
[Subsystems] Discovering subsystems at path D:/Unity/Unity/2020.3.37f1/Editor/Data/Resources/UnitySubsystems
[Subsystems] Discovering subsystems at path D:/Thuctap/HUEFMC_TT/Assets
GfxDevice: creating device client; threaded=0
Direct3D:
    Version:  Direct3D 11.0 [level 11.1]
    Renderer: Intel(R) UHD Graphics 620 (ID=0x5917)
    Vendor:   
    VRAM:     4028 MB
    Driver:   26.20.100.7263
Initialize mono
Mono path[0] = 'D:/Unity/Unity/2020.3.37f1/Editor/Data/Managed'
Mono path[1] = 'D:/Unity/Unity/2020.3.37f1/Editor/Data/MonoBleedingEdge/lib/mono/unityjit'
Mono config path = 'D:/Unity/Unity/2020.3.37f1/Editor/Data/MonoBleedingEdge/etc'
Using monoOptions --debugger-agent=transport=dt_socket,embedding=1,server=y,suspend=n,address=127.0.0.1:56060
Begin MonoManager ReloadAssembly
Registering precompiled unity dll's ...
Register platform support module: D:/Unity/Unity/2020.3.37f1/Editor/Data/PlaybackEngines/WindowsStandaloneSupport/UnityEditor.WindowsStandalone.Extensions.dll
Registered in 0.001047 seconds.
Native extension for WindowsStandalone target not found
Refreshing native plugins compatible for Editor in 62.15 ms, found 2 plugins.
Preloading 0 native plugins for Editor in 0.00 ms.
Mono: successfully reloaded assembly
- Completed reload, in  0.678 seconds
Domain Reload Profiling:
	ReloadAssembly (678ms)
		BeginReloadAssembly (60ms)
			ExecutionOrderSort (0ms)
			DisableScriptedObjects (0ms)
			BackupInstance (0ms)
			ReleaseScriptingObjects (0ms)
			CreateAndSetChildDomain (1ms)
		EndReloadAssembly (546ms)
			LoadAssemblies (60ms)
			RebuildTransferFunctionScriptingTraits (0ms)
			SetupTypeCache (158ms)
			ReleaseScriptCaches (0ms)
			RebuildScriptCaches (33ms)
			SetupLoadedEditorAssemblies (247ms)
				LogAssemblyErrors (0ms)
				InitializePlatformSupportModulesInManaged (3ms)
				SetLoadedEditorAssemblies (0ms)
				RefreshPlugins (62ms)
				BeforeProcessingInitializeOnLoad (18ms)
				ProcessInitializeOnLoadAttributes (83ms)
				ProcessInitializeOnLoadMethodAttributes (80ms)
				AfterProcessingInitializeOnLoad (0ms)
				EditorAssembliesLoaded (0ms)
			ExecutionOrderSort2 (0ms)
			AwakeInstancesAfterBackupRestoration (0ms)
Platform modules already initialized, skipping
Registering precompiled user dll's ...
Registered in 0.002768 seconds.
Begin MonoManager ReloadAssembly
Native extension for WindowsStandalone target not found
Refreshing native plugins compatible for Editor in 62.28 ms, found 2 plugins.
Preloading 0 native plugins for Editor in 0.00 ms.
Mono: successfully reloaded assembly
- Completed reload, in  1.189 seconds
Domain Reload Profiling:
	ReloadAssembly (1190ms)
		BeginReloadAssembly (151ms)
			ExecutionOrderSort (0ms)
			DisableScriptedObjects (5ms)
			BackupInstance (0ms)
			ReleaseScriptingObjects (0ms)
			CreateAndSetChildDomain (20ms)
		EndReloadAssembly (983ms)
			LoadAssemblies (92ms)
			RebuildTransferFunctionScriptingTraits (0ms)
			SetupTypeCache (333ms)
			ReleaseScriptCaches (1ms)
			RebuildScriptCaches (63ms)
			SetupLoadedEditorAssemblies (374ms)
				LogAssemblyErrors (0ms)
				InitializePlatformSupportModulesInManaged (3ms)
				SetLoadedEditorAssemblies (0ms)
				RefreshPlugins (62ms)
				BeforeProcessingInitializeOnLoad (90ms)
				ProcessInitializeOnLoadAttributes (201ms)
				ProcessInitializeOnLoadMethodAttributes (14ms)
				AfterProcessingInitializeOnLoad (3ms)
				EditorAssembliesLoaded (0ms)
			ExecutionOrderSort2 (0ms)
			AwakeInstancesAfterBackupRestoration (2ms)
Platform modules already initialized, skipping
========================================================================
Worker process is ready to serve import requests
Launched and connected shader compiler UnityShaderCompiler.exe after 0.25 seconds
Refreshing native plugins compatible for Editor in 0.61 ms, found 2 plugins.
Preloading 0 native plugins for Editor in 0.00 ms.
Unloading 2945 Unused Serialized files (Serialized files now loaded: 0)
System memory in use before: 133.6 MB.
System memory in use after: 133.7 MB.

Unloading 19 unused Assets to reduce memory usage. Loaded Objects now: 3392.
Total: 3.763900 ms (FindLiveObjects: 0.232700 ms CreateObjectMapping: 0.201700 ms MarkObjects: 3.245700 ms  DeleteObjects: 0.082800 ms)

AssetImportParameters requested are different than current active one (requested -> active):
  custom:framework-win-MediaFoundation: 216162199b28c13a410421893ffa2e32 -> 
  custom:video-decoder-ogg-theora: a1e56fd34408186e4bbccfd4996cb3dc -> 
  custom:container-muxer-webm: aa71ff27fc2769a1b78a27578f13a17b -> 
  custom:container-demuxer-webm: 4f35f7cbe854078d1ac9338744f61a02 -> 
  custom:container-demuxer-ogg: 62fdf1f143b41e24485cea50d1cbac27 -> 
  custom:video-encoder-webm-vp8: eb34c28f22e8b96e1ab97ce403110664 -> 
  custom:video-decoder-webm-vp8: 9c59270c3fd7afecdb556c50c9e8de78 -> 
  custom:audio-decoder-ogg-vorbis: bf7c407c2cedff20999df2af8eb42d56 -> 
  custom:audio-encoder-webm-vorbis: bf7c407c2cedff20999df2af8eb42d56 -> 
========================================================================
Received Import Request.
  path: Assets/Data/Data Chung/Lich Su Kham Benh SO.asset
  artifactKey: Guid(219e2ca94c3928545a2f932bf8208a02) Importer(815301076,1909f56bfc062723c751e8b465ee728b)
Start importing Assets/Data/Data Chung/Lich Su Kham Benh SO.asset using Guid(219e2ca94c3928545a2f932bf8208a02) Importer(815301076,1909f56bfc062723c751e8b465ee728b)  -> (artifact id: '89b9a10519df26dab9bcd90e9c1ebeca') in 0.101662 seconds 
========================================================================
Received Import Request.
  Time since last request: 0.000284 seconds.
  path: Assets/Data/Data Chung
  artifactKey: Guid(0be7a4300d48786449803ab11febc7e0) Importer(815301076,1909f56bfc062723c751e8b465ee728b)
Start importing Assets/Data/Data Chung using Guid(0be7a4300d48786449803ab11febc7e0) Importer(815301076,1909f56bfc062723c751e8b465ee728b)  -> (artifact id: 'f9b7ec3fa9c80f66d9ca832547d48d08') in 0.010515 seconds 
========================================================================
Received Import Request.
  Time since last request: 0.000280 seconds.
  path: Assets/Data/Data Chung/Chi Dinh Xet Nghiem SO.asset
  artifactKey: Guid(6f3ebe4ae33d80b409306d0aa94b48fa) Importer(815301076,1909f56bfc062723c751e8b465ee728b)
Start importing Assets/Data/Data Chung/Chi Dinh Xet Nghiem SO.asset using Guid(6f3ebe4ae33d80b409306d0aa94b48fa) Importer(815301076,1909f56bfc062723c751e8b465ee728b)  -> (artifact id: '251a3db16b8654f7768f426549513158') in 0.035731 seconds 
========================================================================
Received Import Request.
  Time since last request: 0.000232 seconds.
  path: Assets/Data/Data Chung/Dieu Tri Khong Thuoc SO.asset
  artifactKey: Guid(8eb864e2e0243a549bf3447c9bd6f6d2) Importer(815301076,1909f56bfc062723c751e8b465ee728b)
Start importing Assets/Data/Data Chung/Dieu Tri Khong Thuoc SO.asset using Guid(8eb864e2e0243a549bf3447c9bd6f6d2) Importer(815301076,1909f56bfc062723c751e8b465ee728b)  -> (artifact id: 'e0ddd438cfad01e98c48470ee1889a5b') in 0.035993 seconds 
========================================================================
Received Import Request.
  Time since last request: 0.000285 seconds.
  path: Assets/Data/Data Chung/Chuan Doan SO.asset
  artifactKey: Guid(f74cd9e45f2bb1c4486f9deb678a2a95) Importer(815301076,1909f56bfc062723c751e8b465ee728b)
Start importing Assets/Data/Data Chung/Chuan Doan SO.asset using Guid(f74cd9e45f2bb1c4486f9deb678a2a95) Importer(815301076,1909f56bfc062723c751e8b465ee728b)  -> (artifact id: 'f21bb8f12557414d574733f7794679f2') in 0.018838 seconds 
========================================================================
Received Import Request.
  Time since last request: 0.000323 seconds.
  path: Assets/Data/Data Chung/Thong Tin Benh Nhan SO.asset
  artifactKey: Guid(5b751af17fba7d0478b145816b9eaaea) Importer(815301076,1909f56bfc062723c751e8b465ee728b)
Start importing Assets/Data/Data Chung/Thong Tin Benh Nhan SO.asset using Guid(5b751af17fba7d0478b145816b9eaaea) Importer(815301076,1909f56bfc062723c751e8b465ee728b)  -> (artifact id: '3a14f0357bd79a0aeb5ec7f5509a7ace') in 0.021600 seconds 
========================================================================
Received Import Request.
  Time since last request: 0.000224 seconds.
  path: Assets/Patient.cs
  artifactKey: Guid(ae9b0487c862b864fb0ef14e4a0e4f49) Importer(815301076,1909f56bfc062723c751e8b465ee728b)
Start importing Assets/Patient.cs using Guid(ae9b0487c862b864fb0ef14e4a0e4f49) Importer(815301076,1909f56bfc062723c751e8b465ee728b)  -> (artifact id: '8c854aff9395b34dbdedaa043d9eb383') in 0.014428 seconds 
========================================================================
Received Import Request.
  Time since last request: 0.000259 seconds.
  path: Assets/Data/Data Chung/Ket Qua Xet Nghiem SO.asset
  artifactKey: Guid(882af3f9fa56df0488bab86a28b75410) Importer(815301076,1909f56bfc062723c751e8b465ee728b)
Start importing Assets/Data/Data Chung/Ket Qua Xet Nghiem SO.asset using Guid(882af3f9fa56df0488bab86a28b75410) Importer(815301076,1909f56bfc062723c751e8b465ee728b)  -> (artifact id: '2366f44edcc589c3188897bc2d9987b8') in 0.013292 seconds 
========================================================================
Received Import Request.
  Time since last request: 0.000291 seconds.
  path: Assets/Data/Data Chung/Bang Theo Doi Duong Huyet SO.asset
  artifactKey: Guid(c3493478d4609b54db2c1e8f4cce2abf) Importer(815301076,1909f56bfc062723c751e8b465ee728b)
Start importing Assets/Data/Data Chung/Bang Theo Doi Duong Huyet SO.asset using Guid(c3493478d4609b54db2c1e8f4cce2abf) Importer(815301076,1909f56bfc062723c751e8b465ee728b)  -> (artifact id: '7e5b0043a39212df4723b47171b65a8c') in 0.033406 seconds 
========================================================================
Received Import Request.
  Time since last request: 0.000191 seconds.
  path: Assets/Data/Data Chung/Dieu Tri Bang Thuoc SO.asset
  artifactKey: Guid(b561d2d317e72d34f90b3321e254be2c) Importer(815301076,1909f56bfc062723c751e8b465ee728b)
Start importing Assets/Data/Data Chung/Dieu Tri Bang Thuoc SO.asset using Guid(b561d2d317e72d34f90b3321e254be2c) Importer(815301076,1909f56bfc062723c751e8b465ee728b)  -> (artifact id: 'add628459a617ba20797476a0c299bf4') in 0.037298 seconds 
========================================================================
Received Prepare
Registering precompiled user dll's ...
Registered in 0.003056 seconds.
Begin MonoManager ReloadAssembly
Native extension for WindowsStandalone target not found
Refreshing native plugins compatible for Editor in 0.69 ms, found 2 plugins.
Preloading 0 native plugins for Editor in 0.00 ms.
Mono: successfully reloaded assembly
- Completed reload, in  1.724 seconds
Domain Reload Profiling:
	ReloadAssembly (1733ms)
		BeginReloadAssembly (587ms)
			ExecutionOrderSort (0ms)
			DisableScriptedObjects (50ms)
			BackupInstance (0ms)
			ReleaseScriptingObjects (2ms)
			CreateAndSetChildDomain (265ms)
		EndReloadAssembly (1077ms)
			LoadAssemblies (145ms)
			RebuildTransferFunctionScriptingTraits (1ms)
			SetupTypeCache (366ms)
			ReleaseScriptCaches (2ms)
			RebuildScriptCaches (47ms)
			SetupLoadedEditorAssemblies (318ms)
				LogAssemblyErrors (0ms)
				InitializePlatformSupportModulesInManaged (4ms)
				SetLoadedEditorAssemblies (1ms)
				RefreshPlugins (1ms)
				BeforeProcessingInitializeOnLoad (87ms)
				ProcessInitializeOnLoadAttributes (208ms)
				ProcessInitializeOnLoadMethodAttributes (15ms)
				AfterProcessingInitializeOnLoad (2ms)
				EditorAssembliesLoaded (0ms)
			ExecutionOrderSort2 (0ms)
			AwakeInstancesAfterBackupRestoration (6ms)
Platform modules already initialized, skipping
Refreshing native plugins compatible for Editor in 0.64 ms, found 2 plugins.
Preloading 0 native plugins for Editor in 0.00 ms.
Unloading 2822 Unused Serialized files (Serialized files now loaded: 0)
System memory in use before: 125.0 MB.
System memory in use after: 125.2 MB.

Unloading 14 unused Assets to reduce memory usage. Loaded Objects now: 3395.
Total: 135.448000 ms (FindLiveObjects: 0.268100 ms CreateObjectMapping: 0.131600 ms MarkObjects: 135.012200 ms  DeleteObjects: 0.033400 ms)

AssetImportParameters requested are different than current active one (requested -> active):
  custom:framework-win-MediaFoundation: 216162199b28c13a410421893ffa2e32 -> 
  custom:video-decoder-ogg-theora: a1e56fd34408186e4bbccfd4996cb3dc -> 
  custom:container-muxer-webm: aa71ff27fc2769a1b78a27578f13a17b -> 
  custom:container-demuxer-webm: 4f35f7cbe854078d1ac9338744f61a02 -> 
  custom:container-demuxer-ogg: 62fdf1f143b41e24485cea50d1cbac27 -> 
  custom:video-encoder-webm-vp8: eb34c28f22e8b96e1ab97ce403110664 -> 
  custom:video-decoder-webm-vp8: 9c59270c3fd7afecdb556c50c9e8de78 -> 
  custom:audio-decoder-ogg-vorbis: bf7c407c2cedff20999df2af8eb42d56 -> 
  custom:audio-encoder-webm-vorbis: bf7c407c2cedff20999df2af8eb42d56 -> 
========================================================================
Received Import Request.
  Time since last request: 20101.436555 seconds.
  path: Assets/ExampleAssets/Materials/Ground_Mat.mat
  artifactKey: Guid(d92ef32394b5f474385d74b565a7bdd7) Importer(815301076,1909f56bfc062723c751e8b465ee728b)
Start importing Assets/ExampleAssets/Materials/Ground_Mat.mat using Guid(d92ef32394b5f474385d74b565a7bdd7) Importer(815301076,1909f56bfc062723c751e8b465ee728b)  -> (artifact id: '464ecfb875d680da63be4f88529f4394') in 2.014910 seconds 
========================================================================
Received Import Request.
  Time since last request: 0.000523 seconds.
  path: Assets/asset3D/rokhan/Materials/khan_khan1_BaseColor.mat
  artifactKey: Guid(3709907a7b6263d409f0a9c49d634a9b) Importer(815301076,1909f56bfc062723c751e8b465ee728b)
Start importing Assets/asset3D/rokhan/Materials/khan_khan1_BaseColor.mat using Guid(3709907a7b6263d409f0a9c49d634a9b) Importer(815301076,1909f56bfc062723c751e8b465ee728b)  -> (artifact id: '7fda988591f6997aa83ecb4a5ae2802b') in 0.467515 seconds 
========================================================================
Received Import Request.
  Time since last request: 0.000284 seconds.
  path: Assets/ExampleAssets/Models/hammer_low.fbx
  artifactKey: Guid(68a66fb5a71f8204a8dcb613c97d1fa8) Importer(815301076,1909f56bfc062723c751e8b465ee728b)
Start importing Assets/ExampleAssets/Models/hammer_low.fbx using Guid(68a66fb5a71f8204a8dcb613c97d1fa8) Importer(815301076,1909f56bfc062723c751e8b465ee728b)  -> (artifact id: 'a0098d2334523c92cc3d702ca4ee63b2') in 1.017170 seconds 
========================================================================
Received Import Request.
  Time since last request: 0.000212 seconds.
  path: Assets/TextMesh Pro/Resources/Fonts & Materials/LiberationSans SDF - Outline.mat
  artifactKey: Guid(79459efec17a4d00a321bdcc27bbc385) Importer(815301076,1909f56bfc062723c751e8b465ee728b)
Start importing Assets/TextMesh Pro/Resources/Fonts & Materials/LiberationSans SDF - Outline.mat using Guid(79459efec17a4d00a321bdcc27bbc385) Importer(815301076,1909f56bfc062723c751e8b465ee728b)  -> (artifact id: 'c511d08932308b24457774e53c6d0cc5') in 0.268402 seconds 
========================================================================
Received Import Request.
  Time since last request: 0.000244 seconds.
  path: Assets/ArtResources/Fonts/Roboto-Thin SDF.asset
  artifactKey: Guid(c520ddf09cabf9a47a34c6bf64d966b6) Importer(815301076,1909f56bfc062723c751e8b465ee728b)
Start importing Assets/ArtResources/Fonts/Roboto-Thin SDF.asset using Guid(c520ddf09cabf9a47a34c6bf64d966b6) Importer(815301076,1909f56bfc062723c751e8b465ee728b)  -> (artifact id: '2ba67f64737ea4886f534f09e1c61671') in 0.338448 seconds 
========================================================================
Received Import Request.
  Time since last request: 0.000311 seconds.
  path: Assets/asset3D/Ong nghe VR/Materials/ong nghe_ong_nghe3_BaseColor.mat
  artifactKey: Guid(d9995da20587b954d823c8924cf682bb) Importer(815301076,1909f56bfc062723c751e8b465ee728b)
Start importing Assets/asset3D/Ong nghe VR/Materials/ong nghe_ong_nghe3_BaseColor.mat using Guid(d9995da20587b954d823c8924cf682bb) Importer(815301076,1909f56bfc062723c751e8b465ee728b)  -> (artifact id: 'a92798aae27f6216e3b235844423ab8d') in 0.427468 seconds 
========================================================================
Received Import Request.
  Time since last request: 0.000280 seconds.
  path: Assets/ExampleAssets/Models/paintbucket_low.fbx
  artifactKey: Guid(b451a052397f03c4f8a04d915d1c0492) Importer(815301076,1909f56bfc062723c751e8b465ee728b)
Start importing Assets/ExampleAssets/Models/paintbucket_low.fbx using Guid(b451a052397f03c4f8a04d915d1c0492) Importer(815301076,1909f56bfc062723c751e8b465ee728b)  -> (artifact id: '3fb120b6ed1c9690f3c18633a9ae2dd0') in 0.151451 seconds 
========================================================================
Received Import Request.
  Time since last request: 0.000253 seconds.
  path: Assets/TextMesh Pro/Resources/Fonts & Materials/LiberationSans SDF - Fallback.asset
  artifactKey: Guid(2e498d1c8094910479dc3e1b768306a4) Importer(815301076,1909f56bfc062723c751e8b465ee728b)
Start importing Assets/TextMesh Pro/Resources/Fonts & Materials/LiberationSans SDF - Fallback.asset using Guid(2e498d1c8094910479dc3e1b768306a4) Importer(815301076,1909f56bfc062723c751e8b465ee728b)  -> (artifact id: '6f1a6f6724ad6f8dfe2bd11d5fc4f4de') in 0.187511 seconds 
========================================================================
Received Import Request.
  Time since last request: 0.000228 seconds.
  path: Assets/TextMesh Pro/Resources/Fonts & Materials/LiberationSans SDF - Drop Shadow.mat
  artifactKey: Guid(e73a58f6e2794ae7b1b7e50b7fb811b0) Importer(815301076,1909f56bfc062723c751e8b465ee728b)
Start importing Assets/TextMesh Pro/Resources/Fonts & Materials/LiberationSans SDF - Drop Shadow.mat using Guid(e73a58f6e2794ae7b1b7e50b7fb811b0) Importer(815301076,1909f56bfc062723c751e8b465ee728b)  -> (artifact id: '17f57fe8dc4c9ae30de38a2da0d89f10') in 0.106173 seconds 
========================================================================
Received Import Request.
  Time since last request: 0.000349 seconds.
  path: Assets/TextMesh Pro/Resources/Fonts & Materials/LiberationSans SDF.asset
  artifactKey: Guid(8f586378b4e144a9851e7b34d9b748ee) Importer(815301076,1909f56bfc062723c751e8b465ee728b)
Start importing Assets/TextMesh Pro/Resources/Fonts & Materials/LiberationSans SDF.asset using Guid(8f586378b4e144a9851e7b34d9b748ee) Importer(815301076,1909f56bfc062723c751e8b465ee728b)  -> (artifact id: '1086c45db6b08dcccce6d79d94e9dad1') in 0.048905 seconds 
========================================================================
Received Import Request.
  Time since last request: 0.000289 seconds.
  path: Assets/asset3D/bodungcu/Materials/may_soi_blinn3.mat
  artifactKey: Guid(d499f45f718b48e4e9af490830350d00) Importer(815301076,1909f56bfc062723c751e8b465ee728b)
Start importing Assets/asset3D/bodungcu/Materials/may_soi_blinn3.mat using Guid(d499f45f718b48e4e9af490830350d00) Importer(815301076,1909f56bfc062723c751e8b465ee728b)  -> (artifact id: 'd5e8d563a0c4ff6c7fdde314259fac8a') in 0.040331 seconds 
========================================================================
Received Import Request.
  Time since last request: 0.000312 seconds.
  path: Assets/ArtResources/Fonts/Roboto-ThinItalic SDF.asset
  artifactKey: Guid(073fd6fdd692d924b98c20c2a699ed77) Importer(815301076,1909f56bfc062723c751e8b465ee728b)
Start importing Assets/ArtResources/Fonts/Roboto-ThinItalic SDF.asset using Guid(073fd6fdd692d924b98c20c2a699ed77) Importer(815301076,1909f56bfc062723c751e8b465ee728b)  -> (artifact id: 'd83215a9f419aaabe2f3394dd78cf72a') in 0.179202 seconds 
========================================================================
Received Import Request.
  Time since last request: 0.000272 seconds.
  path: Assets/ExampleAssets/Materials/HardHat_Mat.mat
  artifactKey: Guid(e93789f0a5d66df4a81613935579642b) Importer(815301076,1909f56bfc062723c751e8b465ee728b)
Start importing Assets/ExampleAssets/Materials/HardHat_Mat.mat using Guid(e93789f0a5d66df4a81613935579642b) Importer(815301076,1909f56bfc062723c751e8b465ee728b)  -> (artifact id: 'f0451e8e4fc44c0c0ad06b480daab191') in 0.093459 seconds 
========================================================================
Received Import Request.
  Time since last request: 0.000276 seconds.
  path: Assets/ExampleAssets/Materials/Plastic_White_Mat.mat
  artifactKey: Guid(6cfe423139c361a459da7ed9831d4b1c) Importer(815301076,1909f56bfc062723c751e8b465ee728b)
Start importing Assets/ExampleAssets/Materials/Plastic_White_Mat.mat using Guid(6cfe423139c361a459da7ed9831d4b1c) Importer(815301076,1909f56bfc062723c751e8b465ee728b)  -> (artifact id: '7270cf5fe7035eb4043b23a71cdca86e') in 0.662717 seconds 
========================================================================
Received Import Request.
  Time since last request: 0.000344 seconds.
  path: Packages/com.unity.render-pipelines.universal/Runtime/Materials/Lit.mat
  artifactKey: Guid(31321ba15b8f8eb4c954353edc038b1d) Importer(815301076,1909f56bfc062723c751e8b465ee728b)
Start importing Packages/com.unity.render-pipelines.universal/Runtime/Materials/Lit.mat using Guid(31321ba15b8f8eb4c954353edc038b1d) Importer(815301076,1909f56bfc062723c751e8b465ee728b)  -> (artifact id: '97a46e45ab72210011683b98bb693f19') in 0.068868 seconds 
========================================================================
Received Import Request.
  Time since last request: 0.000583 seconds.
  path: Assets/ExampleAssets/Materials/Liquid_Mat.mat
  artifactKey: Guid(c532880e607f8c84d8b9bf0c46a522ad) Importer(815301076,1909f56bfc062723c751e8b465ee728b)
Start importing Assets/ExampleAssets/Materials/Liquid_Mat.mat using Guid(c532880e607f8c84d8b9bf0c46a522ad) Importer(815301076,1909f56bfc062723c751e8b465ee728b)  -> (artifact id: '3bf9985e948210718225141c8418d287') in 0.061080 seconds 
========================================================================
Received Import Request.
  Time since last request: 0.000353 seconds.
  path: Assets/asset3D/bonrua/Materials/nuoc rua tay_nuoc_rua_tay1_BaseColor.mat
  artifactKey: Guid(bc6bf449698ea1249a82c8987db48ca9) Importer(815301076,1909f56bfc062723c751e8b465ee728b)
Start importing Assets/asset3D/bonrua/Materials/nuoc rua tay_nuoc_rua_tay1_BaseColor.mat using Guid(bc6bf449698ea1249a82c8987db48ca9) Importer(815301076,1909f56bfc062723c751e8b465ee728b)  -> (artifact id: '0af55c02c659a8bf355516419cebe1ed') in 0.145089 seconds 
========================================================================
Received Import Request.
  Time since last request: 128.113142 seconds.
  path: Assets/ArtResources/Icon/3D_icon_history.png
  artifactKey: Guid(acb3b53497417e74e9de080478a7772e) Importer(815301076,1909f56bfc062723c751e8b465ee728b)
Start importing Assets/ArtResources/Icon/3D_icon_history.png using Guid(acb3b53497417e74e9de080478a7772e) Importer(815301076,1909f56bfc062723c751e8b465ee728b)  -> (artifact id: 'afcebc8915605a16bd3be853eb38f221') in 0.325584 seconds 
========================================================================
Received Import Request.
  Time since last request: 0.000241 seconds.
  path: Assets/ArtResources/Icon/chidinhxetnghiem.png
  artifactKey: Guid(0a471ecdf6f53814690eaca3aefe7475) Importer(815301076,1909f56bfc062723c751e8b465ee728b)
Start importing Assets/ArtResources/Icon/chidinhxetnghiem.png using Guid(0a471ecdf6f53814690eaca3aefe7475) Importer(815301076,1909f56bfc062723c751e8b465ee728b)  -> (artifact id: '7447bcdbca6838b1433fc0ce1c609cb2') in 0.079090 seconds 
========================================================================
Received Import Request.
  Time since last request: 0.000218 seconds.
  path: Assets/ArtResources/Icon/3D_icon_thongtinbanhnhan_disable.png
  artifactKey: Guid(f1b3c4b766dd6ab4e98f0a07b44f53d1) Importer(815301076,1909f56bfc062723c751e8b465ee728b)
Start importing Assets/ArtResources/Icon/3D_icon_thongtinbanhnhan_disable.png using Guid(f1b3c4b766dd6ab4e98f0a07b44f53d1) Importer(815301076,1909f56bfc062723c751e8b465ee728b)  -> (artifact id: '789e5f3def71320bf677433f9da17f55') in 0.056465 seconds 
========================================================================
Received Import Request.
  Time since last request: 0.004157 seconds.
  path: Assets/ArtResources/Icon/chung_close.png
  artifactKey: Guid(a0e22d5b0328e9d489b8e5f3e44bffec) Importer(815301076,1909f56bfc062723c751e8b465ee728b)
Start importing Assets/ArtResources/Icon/chung_close.png using Guid(a0e22d5b0328e9d489b8e5f3e44bffec) Importer(815301076,1909f56bfc062723c751e8b465ee728b)  -> (artifact id: 'b3925c9a93263380a3cb1ce777d626fd') in 0.046019 seconds 
========================================================================
Received Import Request.
  Time since last request: 0.000279 seconds.
  path: Assets/ArtResources/Icon/Combizar.png
  artifactKey: Guid(613bb535586c91949a318895d1482417) Importer(815301076,1909f56bfc062723c751e8b465ee728b)
Start importing Assets/ArtResources/Icon/Combizar.png using Guid(613bb535586c91949a318895d1482417) Importer(815301076,1909f56bfc062723c751e8b465ee728b)  -> (artifact id: '1a141a4394aaa91b4120ef5ae182cd0d') in 0.052789 seconds 
========================================================================
Received Import Request.
  Time since last request: 0.000301 seconds.
  path: Assets/ArtResources/Icon/lichsubenh_bang.png
  artifactKey: Guid(bbb9b880507507f4cbb0bc618b02d92c) Importer(815301076,1909f56bfc062723c751e8b465ee728b)
Start importing Assets/ArtResources/Icon/lichsubenh_bang.png using Guid(bbb9b880507507f4cbb0bc618b02d92c) Importer(815301076,1909f56bfc062723c751e8b465ee728b)  -> (artifact id: '5aac4318c1fcd2be0310da254b112b52') in 0.070887 seconds 
========================================================================
Received Import Request.
  Time since last request: 0.000222 seconds.
  path: Assets/ArtResources/Icon/3D_icon_thongtinbanhnhan.png
  artifactKey: Guid(74fba3d01d07bcd478daf2ede731473e) Importer(815301076,1909f56bfc062723c751e8b465ee728b)
Start importing Assets/ArtResources/Icon/3D_icon_thongtinbanhnhan.png using Guid(74fba3d01d07bcd478daf2ede731473e) Importer(815301076,1909f56bfc062723c751e8b465ee728b)  -> (artifact id: '243743ee30b806b149eed0755b15ff91') in 0.066475 seconds 
========================================================================
Received Import Request.
  Time since last request: 0.000239 seconds.
  path: Assets/ArtResources/Icon/3D_icon_history_disable.png
  artifactKey: Guid(7545236f3b8f773469be823e732d2515) Importer(815301076,1909f56bfc062723c751e8b465ee728b)
Start importing Assets/ArtResources/Icon/3D_icon_history_disable.png using Guid(7545236f3b8f773469be823e732d2515) Importer(815301076,1909f56bfc062723c751e8b465ee728b)  -> (artifact id: '6e3b114c21c9bcccc67b8173b547389a') in 0.056113 seconds 
========================================================================
Received Import Request.
  Time since last request: 0.000296 seconds.
  path: Assets/ArtResources/Icon/Dieutribangthuoc.png
  artifactKey: Guid(e45563b8af51d9a42ad6e96428a245a5) Importer(815301076,1909f56bfc062723c751e8b465ee728b)
Start importing Assets/ArtResources/Icon/Dieutribangthuoc.png using Guid(e45563b8af51d9a42ad6e96428a245a5) Importer(815301076,1909f56bfc062723c751e8b465ee728b)  -> (artifact id: 'af04eed163a99f7d77e966ee2e881845') in 0.053884 seconds 
========================================================================
Received Import Request.
  Time since last request: 0.000241 seconds.
  path: Assets/ArtResources/Icon/Amlodipin_chon_to.png
  artifactKey: Guid(29fdc1c272f1dbc448fc4c171a3501c8) Importer(815301076,1909f56bfc062723c751e8b465ee728b)
Start importing Assets/ArtResources/Icon/Amlodipin_chon_to.png using Guid(29fdc1c272f1dbc448fc4c171a3501c8) Importer(815301076,1909f56bfc062723c751e8b465ee728b)  -> (artifact id: '74006d51dd77ba1e1e6da3ad29e55648') in 0.052419 seconds 
========================================================================
Received Import Request.
  Time since last request: 0.000234 seconds.
  path: Assets/ArtResources/Icon/Dieutribangthuoc_bang.png
  artifactKey: Guid(399ef9e334417e343a8e44ae7b842c45) Importer(815301076,1909f56bfc062723c751e8b465ee728b)
Start importing Assets/ArtResources/Icon/Dieutribangthuoc_bang.png using Guid(399ef9e334417e343a8e44ae7b842c45) Importer(815301076,1909f56bfc062723c751e8b465ee728b)  -> (artifact id: 'b6926654b7e2580aa5ca2549d329526a') in 0.056517 seconds 
========================================================================
Received Import Request.
  Time since last request: 0.000318 seconds.
  path: Assets/ArtResources/Icon/chidinhxetnghiem_disable.png
  artifactKey: Guid(c63283b25e2c4fe45bc69e6d0fb82228) Importer(815301076,1909f56bfc062723c751e8b465ee728b)
Start importing Assets/ArtResources/Icon/chidinhxetnghiem_disable.png using Guid(c63283b25e2c4fe45bc69e6d0fb82228) Importer(815301076,1909f56bfc062723c751e8b465ee728b)  -> (artifact id: '7c55454805ed00515a9de9789c708d8e') in 0.057265 seconds 
========================================================================
Received Import Request.
  Time since last request: 0.000280 seconds.
  path: Assets/ArtResources/Icon/down.png
  artifactKey: Guid(85d5ab73c8471db459c02c862ed86473) Importer(815301076,1909f56bfc062723c751e8b465ee728b)
Start importing Assets/ArtResources/Icon/down.png using Guid(85d5ab73c8471db459c02c862ed86473) Importer(815301076,1909f56bfc062723c751e8b465ee728b)  -> (artifact id: 'e95afc055882a4f3dcd6068cb21e0d1d') in 0.065953 seconds 
========================================================================
Received Import Request.
  Time since last request: 0.000389 seconds.
  path: Assets/ArtResources/Icon/chandoan_bang.png
  artifactKey: Guid(55ad96f63ff15964b9dc456cb587b11e) Importer(815301076,1909f56bfc062723c751e8b465ee728b)
Start importing Assets/ArtResources/Icon/chandoan_bang.png using Guid(55ad96f63ff15964b9dc456cb587b11e) Importer(815301076,1909f56bfc062723c751e8b465ee728b)  -> (artifact id: 'c5fc1eeb6bf2385727cf3cfcdb14a5eb') in 0.048303 seconds 
========================================================================
Received Import Request.
  Time since last request: 0.000496 seconds.
  path: Assets/ArtResources/Icon/Enalaprill_chon_to.png
  artifactKey: Guid(88baa5c7ce3d81b4fbbe149fd886e5de) Importer(815301076,1909f56bfc062723c751e8b465ee728b)
Start importing Assets/ArtResources/Icon/Enalaprill_chon_to.png using Guid(88baa5c7ce3d81b4fbbe149fd886e5de) Importer(815301076,1909f56bfc062723c751e8b465ee728b)  -> (artifact id: 'a3f9349e6b5f08314a87b29983b5eaa1') in 0.053934 seconds 
========================================================================
Received Import Request.
  Time since last request: 0.000303 seconds.
  path: Assets/ArtResources/Icon/Lichsukhambenh.png
  artifactKey: Guid(799a23935b07cc240a24d377c41003d9) Importer(815301076,1909f56bfc062723c751e8b465ee728b)
Start importing Assets/ArtResources/Icon/Lichsukhambenh.png using Guid(799a23935b07cc240a24d377c41003d9) Importer(815301076,1909f56bfc062723c751e8b465ee728b)  -> (artifact id: 'd1ab49b974bd5888a6c27d71e23953b7') in 0.071934 seconds 
========================================================================
Received Import Request.
  Time since last request: 0.000263 seconds.
  path: Assets/ArtResources/Icon/Amlodipin.png
  artifactKey: Guid(0acbea9cc3cf559499264ffef6ec7736) Importer(815301076,1909f56bfc062723c751e8b465ee728b)
Start importing Assets/ArtResources/Icon/Amlodipin.png using Guid(0acbea9cc3cf559499264ffef6ec7736) Importer(815301076,1909f56bfc062723c751e8b465ee728b)  -> (artifact id: '433f617c10457c77e5830a9806282c3a') in 0.067817 seconds 
========================================================================
Received Import Request.
  Time since last request: 0.000283 seconds.
  path: Assets/ArtResources/Icon/chandoan.png
  artifactKey: Guid(3b64c0f735899f047b712680b4ad69ab) Importer(815301076,1909f56bfc062723c751e8b465ee728b)
Start importing Assets/ArtResources/Icon/chandoan.png using Guid(3b64c0f735899f047b712680b4ad69ab) Importer(815301076,1909f56bfc062723c751e8b465ee728b)  -> (artifact id: 'da480447d9f1785b33a185bf737a6ae9') in 0.087563 seconds 
========================================================================
Received Import Request.
  Time since last request: 0.000242 seconds.
  path: Assets/ArtResources/Icon/botron.png
  artifactKey: Guid(818a57a4ebdff734f802b34f94a95d55) Importer(815301076,1909f56bfc062723c751e8b465ee728b)
Start importing Assets/ArtResources/Icon/botron.png using Guid(818a57a4ebdff734f802b34f94a95d55) Importer(815301076,1909f56bfc062723c751e8b465ee728b)  -> (artifact id: '78af8e43903dd5e01163e310215dca78') in 0.089127 seconds 
========================================================================
Received Import Request.
  Time since last request: 0.000244 seconds.
  path: Assets/ArtResources/Icon/Combizar_chon.png
  artifactKey: Guid(668b82d313d645b448085590268f0810) Importer(815301076,1909f56bfc062723c751e8b465ee728b)
Start importing Assets/ArtResources/Icon/Combizar_chon.png using Guid(668b82d313d645b448085590268f0810) Importer(815301076,1909f56bfc062723c751e8b465ee728b)  -> (artifact id: 'e932237d29a3f1b211b71f50e2657afc') in 0.086820 seconds 
========================================================================
Received Import Request.
  Time since last request: 0.000290 seconds.
  path: Assets/ArtResources/Icon/button_xanh.png
  artifactKey: Guid(0be5eae593af09c4594d296876fd7d9d) Importer(815301076,1909f56bfc062723c751e8b465ee728b)
Start importing Assets/ArtResources/Icon/button_xanh.png using Guid(0be5eae593af09c4594d296876fd7d9d) Importer(815301076,1909f56bfc062723c751e8b465ee728b)  -> (artifact id: 'ee033833e1e0babaefecb06a4478e241') in 0.068048 seconds 
========================================================================
Received Import Request.
  Time since last request: 0.000255 seconds.
  path: Assets/ArtResources/Icon/chidinhxetnghiem_bang.png
  artifactKey: Guid(ae7688276521bcf4e9fe4ce596d0386f) Importer(815301076,1909f56bfc062723c751e8b465ee728b)
Start importing Assets/ArtResources/Icon/chidinhxetnghiem_bang.png using Guid(ae7688276521bcf4e9fe4ce596d0386f) Importer(815301076,1909f56bfc062723c751e8b465ee728b)  -> (artifact id: '714725d3bb0134a2db896e2ef5aebfed') in 0.081114 seconds 
========================================================================
Received Import Request.
  Time since last request: 0.000230 seconds.
  path: Assets/ArtResources/Icon/batdaukhambenh.png
  artifactKey: Guid(41e9bf7a7d1ee4945831aebe0e932b49) Importer(815301076,1909f56bfc062723c751e8b465ee728b)
Start importing Assets/ArtResources/Icon/batdaukhambenh.png using Guid(41e9bf7a7d1ee4945831aebe0e932b49) Importer(815301076,1909f56bfc062723c751e8b465ee728b)  -> (artifact id: '1d792ce41ff07f25a1ead9e49421eb24') in 0.042174 seconds 
========================================================================
Received Import Request.
  Time since last request: 0.000295 seconds.
  path: Assets/ArtResources/Icon/chandoan_disable.png
  artifactKey: Guid(5942c3baa4f954a46b17a590b23d61c7) Importer(815301076,1909f56bfc062723c751e8b465ee728b)
Start importing Assets/ArtResources/Icon/chandoan_disable.png using Guid(5942c3baa4f954a46b17a590b23d61c7) Importer(815301076,1909f56bfc062723c751e8b465ee728b)  -> (artifact id: 'db0a2082169c5425c53e200a6db569be') in 0.057519 seconds 
========================================================================
Received Import Request.
  Time since last request: 0.000269 seconds.
  path: Assets/ArtResources/Icon/dieutrikhongthuoc_bang.png
  artifactKey: Guid(a7b6bc6cef71d2642b6b7dd2a723c0bf) Importer(815301076,1909f56bfc062723c751e8b465ee728b)
Start importing Assets/ArtResources/Icon/dieutrikhongthuoc_bang.png using Guid(a7b6bc6cef71d2642b6b7dd2a723c0bf) Importer(815301076,1909f56bfc062723c751e8b465ee728b)  -> (artifact id: 'bb7b6a7b429dbecf4d882dc762faad0f') in 0.050445 seconds 
========================================================================
Received Import Request.
  Time since last request: 0.000318 seconds.
  path: Assets/ArtResources/Icon/Dieutribangthuoc_disable.png
  artifactKey: Guid(4d5d01b331f1f684eb34ac296b2d81ca) Importer(815301076,1909f56bfc062723c751e8b465ee728b)
Start importing Assets/ArtResources/Icon/Dieutribangthuoc_disable.png using Guid(4d5d01b331f1f684eb34ac296b2d81ca) Importer(815301076,1909f56bfc062723c751e8b465ee728b)  -> (artifact id: 'f984a48406a1731a17b962895ab7c3c6') in 0.043194 seconds 
========================================================================
Received Import Request.
  Time since last request: 0.000294 seconds.
  path: Assets/ArtResources/Icon/Enalapril_chon_nho.png
  artifactKey: Guid(ff76dc9a72905f942b56b5ba5201f999) Importer(815301076,1909f56bfc062723c751e8b465ee728b)
Start importing Assets/ArtResources/Icon/Enalapril_chon_nho.png using Guid(ff76dc9a72905f942b56b5ba5201f999) Importer(815301076,1909f56bfc062723c751e8b465ee728b)  -> (artifact id: '41736b0b3b98a2be862e4a7ee6ed21b1') in 0.084106 seconds 
========================================================================
Received Import Request.
  Time since last request: 0.000345 seconds.
  path: Assets/ArtResources/Icon/bang.png
  artifactKey: Guid(e7732ddad9e3fda45af552a1fd06793f) Importer(815301076,1909f56bfc062723c751e8b465ee728b)
Start importing Assets/ArtResources/Icon/bang.png using Guid(e7732ddad9e3fda45af552a1fd06793f) Importer(815301076,1909f56bfc062723c751e8b465ee728b)  -> (artifact id: '5ce148aa7ad217233a27081563d50344') in 0.125473 seconds 
========================================================================
Received Import Request.
  Time since last request: 0.256480 seconds.
  path: Assets/ArtResources/Icon/Lichsukhambenh-1.png
  artifactKey: Guid(fab350d72dc110d4a9b28c36baf20691) Importer(815301076,1909f56bfc062723c751e8b465ee728b)
Start importing Assets/ArtResources/Icon/Lichsukhambenh-1.png using Guid(fab350d72dc110d4a9b28c36baf20691) Importer(815301076,1909f56bfc062723c751e8b465ee728b)  -> (artifact id: 'dd7611e42da27488f7520a47682033dd') in 0.064905 seconds 
========================================================================
Received Import Request.
  Time since last request: 0.000245 seconds.
  path: Assets/ArtResources/Icon/Lichsuxetnghiem.png
  artifactKey: Guid(7772f34924c7b6e4781f8ac3a8e9f1b6) Importer(815301076,1909f56bfc062723c751e8b465ee728b)
Start importing Assets/ArtResources/Icon/Lichsuxetnghiem.png using Guid(7772f34924c7b6e4781f8ac3a8e9f1b6) Importer(815301076,1909f56bfc062723c751e8b465ee728b)  -> (artifact id: '915542f1bb70a697fbef04b47fa6f331') in 0.088694 seconds 
========================================================================
Received Import Request.
  Time since last request: 0.000257 seconds.
  path: Assets/ArtResources/Icon/Thuoc_chon.png
  artifactKey: Guid(45ea99edd5b142a44a280a143e3d8d70) Importer(815301076,1909f56bfc062723c751e8b465ee728b)
Start importing Assets/ArtResources/Icon/Thuoc_chon.png using Guid(45ea99edd5b142a44a280a143e3d8d70) Importer(815301076,1909f56bfc062723c751e8b465ee728b)  -> (artifact id: 'ab5f01431aba2583d929cd45c12e6f07') in 0.155364 seconds 
========================================================================
Received Import Request.
  Time since last request: 0.000236 seconds.
  path: Assets/ArtResources/Icon/tuvankhongthuoc_disable.png
  artifactKey: Guid(3344c8f047e2d1547a7d70ffafc480c0) Importer(815301076,1909f56bfc062723c751e8b465ee728b)
Start importing Assets/ArtResources/Icon/tuvankhongthuoc_disable.png using Guid(3344c8f047e2d1547a7d70ffafc480c0) Importer(815301076,1909f56bfc062723c751e8b465ee728b)  -> (artifact id: 'f86e72cb3614a452bcd183af86efb67c') in 0.105221 seconds 
========================================================================
Received Import Request.
  Time since last request: 0.000274 seconds.
  path: Assets/ArtResources/Icon/thaotac_thuoc2.png
  artifactKey: Guid(567d07c61c47a3e47a9c74061da58728) Importer(815301076,1909f56bfc062723c751e8b465ee728b)
Start importing Assets/ArtResources/Icon/thaotac_thuoc2.png using Guid(567d07c61c47a3e47a9c74061da58728) Importer(815301076,1909f56bfc062723c751e8b465ee728b)  -> (artifact id: 'd98a36b0479345e43f6890b3bafafa82') in 0.179697 seconds 
========================================================================
Received Import Request.
  Time since last request: 0.000389 seconds.
  path: Assets/ArtResources/Icon/pause_icon_disable.png
  artifactKey: Guid(4c69e02f6e6d71a48a2d72ecad8e2c2c) Importer(815301076,1909f56bfc062723c751e8b465ee728b)
Start importing Assets/ArtResources/Icon/pause_icon_disable.png using Guid(4c69e02f6e6d71a48a2d72ecad8e2c2c) Importer(815301076,1909f56bfc062723c751e8b465ee728b)  -> (artifact id: 'e089fd24da13d06b5d3d4d598de81d88') in 0.082368 seconds 
========================================================================
Received Import Request.
  Time since last request: 0.000299 seconds.
  path: Assets/ArtResources/Icon/play_icon.png
  artifactKey: Guid(23679c4858a32e04ca9e863577e46699) Importer(815301076,1909f56bfc062723c751e8b465ee728b)
Start importing Assets/ArtResources/Icon/play_icon.png using Guid(23679c4858a32e04ca9e863577e46699) Importer(815301076,1909f56bfc062723c751e8b465ee728b)  -> (artifact id: '52a421db900a394033a9d3f1999bfb13') in 0.047700 seconds 
========================================================================
Received Import Request.
  Time since last request: 0.000353 seconds.
  path: Assets/ArtResources/Icon/Lichsuxetnghiem-2.png
  artifactKey: Guid(16ab72133ff064240a56b987cccfe21d) Importer(815301076,1909f56bfc062723c751e8b465ee728b)
Start importing Assets/ArtResources/Icon/Lichsuxetnghiem-2.png using Guid(16ab72133ff064240a56b987cccfe21d) Importer(815301076,1909f56bfc062723c751e8b465ee728b)  -> (artifact id: '4343f7c4a2a38729a27daec083083c54') in 0.142570 seconds 
========================================================================
Received Import Request.
  Time since last request: 0.000314 seconds.
  path: Assets/ArtResources/Icon/Lichsukhambenh-2.png
  artifactKey: Guid(dc8ac115bc41f744faae3060c2f6b6e4) Importer(815301076,1909f56bfc062723c751e8b465ee728b)
Start importing Assets/ArtResources/Icon/Lichsukhambenh-2.png using Guid(dc8ac115bc41f744faae3060c2f6b6e4) Importer(815301076,1909f56bfc062723c751e8b465ee728b)  -> (artifact id: '90cb1d5f7a2ecd44122eaad6618ba20c') in 0.049083 seconds 
========================================================================
Received Import Request.
  Time since last request: 0.000285 seconds.
  path: Assets/ArtResources/Icon/nexttrai.png
  artifactKey: Guid(bb1cd505de98d2845acd4130b85dfd9f) Importer(815301076,1909f56bfc062723c751e8b465ee728b)
Start importing Assets/ArtResources/Icon/nexttrai.png using Guid(bb1cd505de98d2845acd4130b85dfd9f) Importer(815301076,1909f56bfc062723c751e8b465ee728b)  -> (artifact id: 'ed6cb0d939645079660f7dd0db467a0d') in 0.073001 seconds 
========================================================================
Received Import Request.
  Time since last request: 0.000368 seconds.
  path: Assets/ArtResources/Icon/tick.png
  artifactKey: Guid(d54ecf54a2edd714ca9d3e0ee01edfb9) Importer(815301076,1909f56bfc062723c751e8b465ee728b)
Start importing Assets/ArtResources/Icon/tick.png using Guid(d54ecf54a2edd714ca9d3e0ee01edfb9) Importer(815301076,1909f56bfc062723c751e8b465ee728b)  -> (artifact id: 'afdf1053a8256e88153e06995bd17ae9') in 0.061029 seconds 
========================================================================
Received Import Request.
  Time since last request: 0.000267 seconds.
  path: Assets/ArtResources/Icon/lichsutheodoiduonghuyet_press.png
  artifactKey: Guid(f815a0a2f7b492d419ee6b7b5ccf0b38) Importer(815301076,1909f56bfc062723c751e8b465ee728b)
Start importing Assets/ArtResources/Icon/lichsutheodoiduonghuyet_press.png using Guid(f815a0a2f7b492d419ee6b7b5ccf0b38) Importer(815301076,1909f56bfc062723c751e8b465ee728b)  -> (artifact id: '06e5032cd954ebdf84bfe49624e7fef2') in 0.114954 seconds 
========================================================================
Received Import Request.
  Time since last request: 0.000225 seconds.
  path: Assets/ArtResources/Icon/Lichsuxetnghiem-1.png
  artifactKey: Guid(2d25a5797975c4b4e82eaacb3cf6ecf1) Importer(815301076,1909f56bfc062723c751e8b465ee728b)
Start importing Assets/ArtResources/Icon/Lichsuxetnghiem-1.png using Guid(2d25a5797975c4b4e82eaacb3cf6ecf1) Importer(815301076,1909f56bfc062723c751e8b465ee728b)  -> (artifact id: 'f63738e0326a7271ae6cbd6ac5a00f59') in 0.163788 seconds 
========================================================================
Received Import Request.
  Time since last request: 0.000241 seconds.
  path: Assets/ArtResources/Icon/Losartan.png
  artifactKey: Guid(9d0c6819b754e0940b8ad823eaeb553e) Importer(815301076,1909f56bfc062723c751e8b465ee728b)
Start importing Assets/ArtResources/Icon/Losartan.png using Guid(9d0c6819b754e0940b8ad823eaeb553e) Importer(815301076,1909f56bfc062723c751e8b465ee728b)  -> (artifact id: 'c4795d230a2200c6bfc9449d046f1f85') in 0.056728 seconds 
========================================================================
Received Import Request.
  Time since last request: 0.000235 seconds.
  path: Assets/ArtResources/Common/square.png
  artifactKey: Guid(44b6f87660d3d5c44bce720fa7c60267) Importer(815301076,1909f56bfc062723c751e8b465ee728b)
Start importing Assets/ArtResources/Common/square.png using Guid(44b6f87660d3d5c44bce720fa7c60267) Importer(815301076,1909f56bfc062723c751e8b465ee728b)  -> (artifact id: '582216939d2d355269f69eb1a39f7e8d') in 0.072450 seconds 
========================================================================
Received Import Request.
  Time since last request: 0.000307 seconds.
  path: Assets/ArtResources/Icon/play_icon_hold.png
  artifactKey: Guid(c2f7f182fc889bb448de065211cbf066) Importer(815301076,1909f56bfc062723c751e8b465ee728b)
Start importing Assets/ArtResources/Icon/play_icon_hold.png using Guid(c2f7f182fc889bb448de065211cbf066) Importer(815301076,1909f56bfc062723c751e8b465ee728b)  -> (artifact id: 'e59b8e1e4d83f8dadf7c27a049746bff') in 0.041448 seconds 
========================================================================
Received Import Request.
  Time since last request: 0.000300 seconds.
  path: Assets/ArtResources/Icon/thaotac_bgthuoc_press.png
  artifactKey: Guid(cccd4995e6b54534bbdef4a0416f1133) Importer(815301076,1909f56bfc062723c751e8b465ee728b)
Start importing Assets/ArtResources/Icon/thaotac_bgthuoc_press.png using Guid(cccd4995e6b54534bbdef4a0416f1133) Importer(815301076,1909f56bfc062723c751e8b465ee728b)  -> (artifact id: 'e27fccd2d3ceab9cf64f985aa034fd27') in 0.153758 seconds 
========================================================================
Received Import Request.
  Time since last request: 0.000250 seconds.
  path: Assets/ArtResources/Icon/play_icon_press.png
  artifactKey: Guid(093f79755db662048b3653cf34f9fe68) Importer(815301076,1909f56bfc062723c751e8b465ee728b)
Start importing Assets/ArtResources/Icon/play_icon_press.png using Guid(093f79755db662048b3653cf34f9fe68) Importer(815301076,1909f56bfc062723c751e8b465ee728b)  -> (artifact id: 'e712d5542fb201fe554714e2fb1899f5') in 0.101176 seconds 
========================================================================
Received Import Request.
  Time since last request: 0.000292 seconds.
  path: Assets/ArtResources/Icon/vientrang.png
  artifactKey: Guid(a1be7a0fe0afb2747880aa39083095b6) Importer(815301076,1909f56bfc062723c751e8b465ee728b)
Start importing Assets/ArtResources/Icon/vientrang.png using Guid(a1be7a0fe0afb2747880aa39083095b6) Importer(815301076,1909f56bfc062723c751e8b465ee728b)  -> (artifact id: '10203d4c424c7c00aa0cacdbdeec9aa9') in 0.046788 seconds 
========================================================================
Received Import Request.
  Time since last request: 0.000295 seconds.
  path: Assets/ArtResources/Icon/thongtinbenhnhan_bang.png
  artifactKey: Guid(71c0a16f84578b94d848ecacae478b92) Importer(815301076,1909f56bfc062723c751e8b465ee728b)
Start importing Assets/ArtResources/Icon/thongtinbenhnhan_bang.png using Guid(71c0a16f84578b94d848ecacae478b92) Importer(815301076,1909f56bfc062723c751e8b465ee728b)  -> (artifact id: 'dfd68ecac601aaafc240817862a6ca99') in 0.053711 seconds 
========================================================================
Received Import Request.
  Time since last request: 0.000311 seconds.
  path: Assets/ArtResources/Icon/Lichsukhambenh-3.png
  artifactKey: Guid(80f095320790cd541b5e1edde128bc41) Importer(815301076,1909f56bfc062723c751e8b465ee728b)
Start importing Assets/ArtResources/Icon/Lichsukhambenh-3.png using Guid(80f095320790cd541b5e1edde128bc41) Importer(815301076,1909f56bfc062723c751e8b465ee728b)  -> (artifact id: 'bfe228cc55eac64b971391294e2b6205') in 0.042273 seconds 
========================================================================
Received Import Request.
  Time since last request: 0.000290 seconds.
  path: Assets/ArtResources/Icon/nextphai.png
  artifactKey: Guid(ad41525cfde14c4418fe88c71096f523) Importer(815301076,1909f56bfc062723c751e8b465ee728b)
Start importing Assets/ArtResources/Icon/nextphai.png using Guid(ad41525cfde14c4418fe88c71096f523) Importer(815301076,1909f56bfc062723c751e8b465ee728b)  -> (artifact id: '37268175a573c483461fddb25e23d25f') in 0.040796 seconds 
========================================================================
Received Import Request.
  Time since last request: 0.000383 seconds.
  path: Assets/ArtResources/Icon/Losartan_chon_to.png
  artifactKey: Guid(bd2162b4a569c1646a3a21aa89768048) Importer(815301076,1909f56bfc062723c751e8b465ee728b)
Start importing Assets/ArtResources/Icon/Losartan_chon_to.png using Guid(bd2162b4a569c1646a3a21aa89768048) Importer(815301076,1909f56bfc062723c751e8b465ee728b)  -> (artifact id: '5a183f159244afc0abf70edfd98e0481') in 0.075769 seconds 
========================================================================
Received Import Request.
  Time since last request: 0.000248 seconds.
  path: Assets/ArtResources/Icon/tuvankhongthuoc.png
  artifactKey: Guid(3fba8751c2c975e4099e6ceff0b280f0) Importer(815301076,1909f56bfc062723c751e8b465ee728b)
Start importing Assets/ArtResources/Icon/tuvankhongthuoc.png using Guid(3fba8751c2c975e4099e6ceff0b280f0) Importer(815301076,1909f56bfc062723c751e8b465ee728b)  -> (artifact id: '94c90a87ebe9e8f9571f47d03ff10da2') in 0.046077 seconds 
========================================================================
Received Import Request.
  Time since last request: 0.000257 seconds.
  path: Assets/ArtResources/Icon/pause_icon_press.png
  artifactKey: Guid(62bc008e54b71214c87465136489051d) Importer(815301076,1909f56bfc062723c751e8b465ee728b)
Start importing Assets/ArtResources/Icon/pause_icon_press.png using Guid(62bc008e54b71214c87465136489051d) Importer(815301076,1909f56bfc062723c751e8b465ee728b)  -> (artifact id: '30e70d067d7303ece788d2b2d2b7a4be') in 0.049713 seconds 
========================================================================
Received Import Request.
  Time since last request: 0.000330 seconds.
  path: Assets/ArtResources/Icon/vienxanh.png
  artifactKey: Guid(a5432293acbc9764fa2d13ec5d868bf2) Importer(815301076,1909f56bfc062723c751e8b465ee728b)
Start importing Assets/ArtResources/Icon/vienxanh.png using Guid(a5432293acbc9764fa2d13ec5d868bf2) Importer(815301076,1909f56bfc062723c751e8b465ee728b)  -> (artifact id: '4852222d24c51e566ab24e3cbfeb8d39') in 0.072525 seconds 
========================================================================
Received Import Request.
  Time since last request: 0.000281 seconds.
  path: Assets/ArtResources/Icon/Theodoiduonghuyet_bang.png
  artifactKey: Guid(fdd556d602d4e654aa79bc19f9ec8610) Importer(815301076,1909f56bfc062723c751e8b465ee728b)
Start importing Assets/ArtResources/Icon/Theodoiduonghuyet_bang.png using Guid(fdd556d602d4e654aa79bc19f9ec8610) Importer(815301076,1909f56bfc062723c751e8b465ee728b)  -> (artifact id: '108e8ac692114ef0603799962233ec11') in 0.071615 seconds 
========================================================================
Received Import Request.
  Time since last request: 0.000316 seconds.
  path: Assets/ArtResources/Icon/lichsutheodoiduonghuyet_disable.png
  artifactKey: Guid(fdb64a7d850862e40aadc857b55b48a9) Importer(815301076,1909f56bfc062723c751e8b465ee728b)
Start importing Assets/ArtResources/Icon/lichsutheodoiduonghuyet_disable.png using Guid(fdb64a7d850862e40aadc857b55b48a9) Importer(815301076,1909f56bfc062723c751e8b465ee728b)  -> (artifact id: '814f31f9384fe510851dc6e978912b26') in 0.057401 seconds 
========================================================================
Received Import Request.
  Time since last request: 0.000236 seconds.
  path: Assets/ArtResources/Icon/lichsutheodoiduonghuyet_hold.png
  artifactKey: Guid(ea74d77827ee6cc42ae80fbab2d507a2) Importer(815301076,1909f56bfc062723c751e8b465ee728b)
Start importing Assets/ArtResources/Icon/lichsutheodoiduonghuyet_hold.png using Guid(ea74d77827ee6cc42ae80fbab2d507a2) Importer(815301076,1909f56bfc062723c751e8b465ee728b)  -> (artifact id: 'f12b5b4b8059f193762dcf1eb238b521') in 0.041355 seconds 
========================================================================
Received Import Request.
  Time since last request: 0.000299 seconds.
  path: Assets/ArtResources/Icon/up.png
  artifactKey: Guid(859b653dd857fd546a42f73e335cf7ef) Importer(815301076,1909f56bfc062723c751e8b465ee728b)
Start importing Assets/ArtResources/Icon/up.png using Guid(859b653dd857fd546a42f73e335cf7ef) Importer(815301076,1909f56bfc062723c751e8b465ee728b)  -> (artifact id: '97dccc40f1fe1115a7e4dbbd2dfe48c0') in 0.066126 seconds 
========================================================================
Received Import Request.
  Time since last request: 0.000228 seconds.
  path: Assets/ArtResources/Icon/Lichsuxetnghiem-3.png
  artifactKey: Guid(abe546dbd9277154e8374042a6a276ab) Importer(815301076,1909f56bfc062723c751e8b465ee728b)
Start importing Assets/ArtResources/Icon/Lichsuxetnghiem-3.png using Guid(abe546dbd9277154e8374042a6a276ab) Importer(815301076,1909f56bfc062723c751e8b465ee728b)  -> (artifact id: 'bbc8e14e4ee91eb09ca0b7b87c34563a') in 0.049315 seconds 
========================================================================
Received Import Request.
  Time since last request: 0.000273 seconds.
  path: Assets/ArtResources/Icon/lichsutheodoiduonghuyet.png
  artifactKey: Guid(2134b1d36b2ff174db23d5bcb2d3b41c) Importer(815301076,1909f56bfc062723c751e8b465ee728b)
Start importing Assets/ArtResources/Icon/lichsutheodoiduonghuyet.png using Guid(2134b1d36b2ff174db23d5bcb2d3b41c) Importer(815301076,1909f56bfc062723c751e8b465ee728b)  -> (artifact id: 'd737a919f26b66455bc03c1ded097960') in 0.047465 seconds 
========================================================================
Received Import Request.
  Time since last request: 0.000271 seconds.
  path: Assets/ArtResources/Icon/pause_icon_hold.png
  artifactKey: Guid(4ae052f60620f1548830ab71adaeae76) Importer(815301076,1909f56bfc062723c751e8b465ee728b)
Start importing Assets/ArtResources/Icon/pause_icon_hold.png using Guid(4ae052f60620f1548830ab71adaeae76) Importer(815301076,1909f56bfc062723c751e8b465ee728b)  -> (artifact id: '52946fcc8e6fa5d06424b43c8e64ffb8') in 0.057676 seconds 
========================================================================
Received Import Request.
  Time since last request: 0.000330 seconds.
  path: Assets/ArtResources/Icon/pause_icon.png
  artifactKey: Guid(82ac2cae80a342d4fa9c20e54612a62a) Importer(815301076,1909f56bfc062723c751e8b465ee728b)
Start importing Assets/ArtResources/Icon/pause_icon.png using Guid(82ac2cae80a342d4fa9c20e54612a62a) Importer(815301076,1909f56bfc062723c751e8b465ee728b)  -> (artifact id: 'fd02cf9d4d34612ff95033cb590e1704') in 0.053926 seconds 
========================================================================
Received Prepare
Registering precompiled user dll's ...
Registered in 0.002826 seconds.
Begin MonoManager ReloadAssembly
Native extension for WindowsStandalone target not found
Refreshing native plugins compatible for Editor in 0.70 ms, found 2 plugins.
Preloading 0 native plugins for Editor in 0.00 ms.
Mono: successfully reloaded assembly
- Completed reload, in  1.552 seconds
Domain Reload Profiling:
	ReloadAssembly (1553ms)
		BeginReloadAssembly (167ms)
			ExecutionOrderSort (0ms)
			DisableScriptedObjects (7ms)
			BackupInstance (0ms)
			ReleaseScriptingObjects (0ms)
			CreateAndSetChildDomain (65ms)
		EndReloadAssembly (1319ms)
			LoadAssemblies (115ms)
			RebuildTransferFunctionScriptingTraits (0ms)
			SetupTypeCache (530ms)
			ReleaseScriptCaches (2ms)
			RebuildScriptCaches (70ms)
			SetupLoadedEditorAssemblies (406ms)
				LogAssemblyErrors (0ms)
				InitializePlatformSupportModulesInManaged (5ms)
				SetLoadedEditorAssemblies (1ms)
				RefreshPlugins (1ms)
				BeforeProcessingInitializeOnLoad (121ms)
				ProcessInitializeOnLoadAttributes (256ms)
				ProcessInitializeOnLoadMethodAttributes (18ms)
				AfterProcessingInitializeOnLoad (3ms)
				EditorAssembliesLoaded (0ms)
			ExecutionOrderSort2 (0ms)
			AwakeInstancesAfterBackupRestoration (15ms)
Platform modules already initialized, skipping
Refreshing native plugins compatible for Editor in 0.67 ms, found 2 plugins.
Preloading 0 native plugins for Editor in 0.00 ms.
Unloading 2822 Unused Serialized files (Serialized files now loaded: 0)
System memory in use before: 130.9 MB.
System memory in use after: 131.1 MB.

Unloading 14 unused Assets to reduce memory usage. Loaded Objects now: 3511.
Total: 3.964800 ms (FindLiveObjects: 0.265400 ms CreateObjectMapping: 0.243300 ms MarkObjects: 3.427300 ms  DeleteObjects: 0.027600 ms)

AssetImportParameters requested are different than current active one (requested -> active):
  custom:framework-win-MediaFoundation: 216162199b28c13a410421893ffa2e32 -> 
  custom:video-decoder-ogg-theora: a1e56fd34408186e4bbccfd4996cb3dc -> 
  custom:container-muxer-webm: aa71ff27fc2769a1b78a27578f13a17b -> 
  custom:container-demuxer-webm: 4f35f7cbe854078d1ac9338744f61a02 -> 
  custom:container-demuxer-ogg: 62fdf1f143b41e24485cea50d1cbac27 -> 
  custom:video-encoder-webm-vp8: eb34c28f22e8b96e1ab97ce403110664 -> 
  custom:video-decoder-webm-vp8: 9c59270c3fd7afecdb556c50c9e8de78 -> 
  custom:audio-decoder-ogg-vorbis: bf7c407c2cedff20999df2af8eb42d56 -> 
  custom:audio-encoder-webm-vorbis: bf7c407c2cedff20999df2af8eb42d56 -> 
========================================================================
Received Import Request.
  Time since last request: 248.214362 seconds.
  path: ProjectSettings/TagManager.asset
  artifactKey: Guid(00000000000000003000000000000000) Importer(815301076,1909f56bfc062723c751e8b465ee728b)
Start importing ProjectSettings/TagManager.asset using Guid(00000000000000003000000000000000) Importer(815301076,1909f56bfc062723c751e8b465ee728b)  -> (artifact id: 'a971e6080eeaba9125c87a76c4e6de58') in 0.023175 seconds 
========================================================================
Received Prepare
Registering precompiled user dll's ...
Registered in 0.003164 seconds.
Begin MonoManager ReloadAssembly
Native extension for WindowsStandalone target not found
Refreshing native plugins compatible for Editor in 0.66 ms, found 2 plugins.
Preloading 0 native plugins for Editor in 0.00 ms.
Mono: successfully reloaded assembly
- Completed reload, in  1.490 seconds
Domain Reload Profiling:
	ReloadAssembly (1490ms)
		BeginReloadAssembly (168ms)
			ExecutionOrderSort (0ms)
			DisableScriptedObjects (7ms)
			BackupInstance (0ms)
			ReleaseScriptingObjects (0ms)
			CreateAndSetChildDomain (56ms)
		EndReloadAssembly (1224ms)
			LoadAssemblies (135ms)
			RebuildTransferFunctionScriptingTraits (0ms)
			SetupTypeCache (526ms)
			ReleaseScriptCaches (2ms)
			RebuildScriptCaches (57ms)
			SetupLoadedEditorAssemblies (345ms)
				LogAssemblyErrors (0ms)
				InitializePlatformSupportModulesInManaged (4ms)
				SetLoadedEditorAssemblies (1ms)
				RefreshPlugins (1ms)
				BeforeProcessingInitializeOnLoad (101ms)
				ProcessInitializeOnLoadAttributes (220ms)
				ProcessInitializeOnLoadMethodAttributes (15ms)
				AfterProcessingInitializeOnLoad (2ms)
				EditorAssembliesLoaded (0ms)
			ExecutionOrderSort2 (0ms)
			AwakeInstancesAfterBackupRestoration (12ms)
Platform modules already initialized, skipping
Refreshing native plugins compatible for Editor in 0.65 ms, found 2 plugins.
Preloading 0 native plugins for Editor in 0.00 ms.
Unloading 2823 Unused Serialized files (Serialized files now loaded: 0)
System memory in use before: 130.9 MB.
System memory in use after: 131.2 MB.

Unloading 15 unused Assets to reduce memory usage. Loaded Objects now: 3515.
Total: 3.955600 ms (FindLiveObjects: 0.246700 ms CreateObjectMapping: 0.141000 ms MarkObjects: 3.536000 ms  DeleteObjects: 0.030500 ms)

AssetImportParameters requested are different than current active one (requested -> active):
  custom:framework-win-MediaFoundation: 216162199b28c13a410421893ffa2e32 -> 
  custom:video-decoder-ogg-theora: a1e56fd34408186e4bbccfd4996cb3dc -> 
  custom:container-muxer-webm: aa71ff27fc2769a1b78a27578f13a17b -> 
  custom:container-demuxer-webm: 4f35f7cbe854078d1ac9338744f61a02 -> 
  custom:container-demuxer-ogg: 62fdf1f143b41e24485cea50d1cbac27 -> 
  custom:video-encoder-webm-vp8: eb34c28f22e8b96e1ab97ce403110664 -> 
  custom:video-decoder-webm-vp8: 9c59270c3fd7afecdb556c50c9e8de78 -> 
  custom:audio-decoder-ogg-vorbis: bf7c407c2cedff20999df2af8eb42d56 -> 
  custom:audio-encoder-webm-vorbis: bf7c407c2cedff20999df2af8eb42d56 -> 
========================================================================
Received Prepare
Registering precompiled user dll's ...
Registered in 0.002504 seconds.
Begin MonoManager ReloadAssembly
Native extension for WindowsStandalone target not found
Refreshing native plugins compatible for Editor in 0.58 ms, found 2 plugins.
Preloading 0 native plugins for Editor in 0.00 ms.
Mono: successfully reloaded assembly
- Completed reload, in  1.246 seconds
Domain Reload Profiling:
	ReloadAssembly (1247ms)
		BeginReloadAssembly (118ms)
			ExecutionOrderSort (0ms)
			DisableScriptedObjects (7ms)
			BackupInstance (0ms)
			ReleaseScriptingObjects (0ms)
			CreateAndSetChildDomain (41ms)
		EndReloadAssembly (1068ms)
			LoadAssemblies (97ms)
			RebuildTransferFunctionScriptingTraits (0ms)
			SetupTypeCache (401ms)
			ReleaseScriptCaches (1ms)
			RebuildScriptCaches (47ms)
			SetupLoadedEditorAssemblies (356ms)
				LogAssemblyErrors (0ms)
				InitializePlatformSupportModulesInManaged (4ms)
				SetLoadedEditorAssemblies (1ms)
				RefreshPlugins (1ms)
				BeforeProcessingInitializeOnLoad (91ms)
				ProcessInitializeOnLoadAttributes (243ms)
				ProcessInitializeOnLoadMethodAttributes (14ms)
				AfterProcessingInitializeOnLoad (2ms)
				EditorAssembliesLoaded (0ms)
			ExecutionOrderSort2 (0ms)
			AwakeInstancesAfterBackupRestoration (13ms)
Platform modules already initialized, skipping
Refreshing native plugins compatible for Editor in 0.62 ms, found 2 plugins.
Preloading 0 native plugins for Editor in 0.00 ms.
Unloading 2823 Unused Serialized files (Serialized files now loaded: 0)
System memory in use before: 130.9 MB.
System memory in use after: 131.2 MB.

Unloading 14 unused Assets to reduce memory usage. Loaded Objects now: 3518.
Total: 3.428500 ms (FindLiveObjects: 0.256600 ms CreateObjectMapping: 0.173600 ms MarkObjects: 2.972600 ms  DeleteObjects: 0.024500 ms)

AssetImportParameters requested are different than current active one (requested -> active):
  custom:framework-win-MediaFoundation: 216162199b28c13a410421893ffa2e32 -> 
  custom:video-decoder-ogg-theora: a1e56fd34408186e4bbccfd4996cb3dc -> 
  custom:container-muxer-webm: aa71ff27fc2769a1b78a27578f13a17b -> 
  custom:container-demuxer-webm: 4f35f7cbe854078d1ac9338744f61a02 -> 
  custom:container-demuxer-ogg: 62fdf1f143b41e24485cea50d1cbac27 -> 
  custom:video-encoder-webm-vp8: eb34c28f22e8b96e1ab97ce403110664 -> 
  custom:video-decoder-webm-vp8: 9c59270c3fd7afecdb556c50c9e8de78 -> 
  custom:audio-decoder-ogg-vorbis: bf7c407c2cedff20999df2af8eb42d56 -> 
  custom:audio-encoder-webm-vorbis: bf7c407c2cedff20999df2af8eb42d56 -> 
========================================================================
Received Prepare
Registering precompiled user dll's ...
Registered in 0.002589 seconds.
Begin MonoManager ReloadAssembly
Native extension for WindowsStandalone target not found
Refreshing native plugins compatible for Editor in 1.07 ms, found 2 plugins.
Preloading 0 native plugins for Editor in 0.00 ms.
Mono: successfully reloaded assembly
- Completed reload, in  1.302 seconds
Domain Reload Profiling:
	ReloadAssembly (1303ms)
		BeginReloadAssembly (118ms)
			ExecutionOrderSort (0ms)
			DisableScriptedObjects (7ms)
			BackupInstance (0ms)
			ReleaseScriptingObjects (0ms)
			CreateAndSetChildDomain (36ms)
		EndReloadAssembly (1111ms)
			LoadAssemblies (117ms)
			RebuildTransferFunctionScriptingTraits (0ms)
			SetupTypeCache (410ms)
			ReleaseScriptCaches (1ms)
			RebuildScriptCaches (49ms)
			SetupLoadedEditorAssemblies (362ms)
				LogAssemblyErrors (0ms)
				InitializePlatformSupportModulesInManaged (4ms)
				SetLoadedEditorAssemblies (2ms)
				RefreshPlugins (1ms)
				BeforeProcessingInitializeOnLoad (94ms)
				ProcessInitializeOnLoadAttributes (232ms)
				ProcessInitializeOnLoadMethodAttributes (26ms)
				AfterProcessingInitializeOnLoad (3ms)
				EditorAssembliesLoaded (0ms)
			ExecutionOrderSort2 (0ms)
			AwakeInstancesAfterBackupRestoration (18ms)
Platform modules already initialized, skipping
Refreshing native plugins compatible for Editor in 0.88 ms, found 2 plugins.
Preloading 0 native plugins for Editor in 0.00 ms.
Unloading 2824 Unused Serialized files (Serialized files now loaded: 0)
System memory in use before: 131.0 MB.
System memory in use after: 131.2 MB.

Unloading 14 unused Assets to reduce memory usage. Loaded Objects now: 3522.
Total: 5.512100 ms (FindLiveObjects: 0.282500 ms CreateObjectMapping: 0.205200 ms MarkObjects: 4.979300 ms  DeleteObjects: 0.043700 ms)

AssetImportParameters requested are different than current active one (requested -> active):
  custom:framework-win-MediaFoundation: 216162199b28c13a410421893ffa2e32 -> 
  custom:video-decoder-ogg-theora: a1e56fd34408186e4bbccfd4996cb3dc -> 
  custom:container-muxer-webm: aa71ff27fc2769a1b78a27578f13a17b -> 
  custom:container-demuxer-webm: 4f35f7cbe854078d1ac9338744f61a02 -> 
  custom:container-demuxer-ogg: 62fdf1f143b41e24485cea50d1cbac27 -> 
  custom:video-encoder-webm-vp8: eb34c28f22e8b96e1ab97ce403110664 -> 
  custom:video-decoder-webm-vp8: 9c59270c3fd7afecdb556c50c9e8de78 -> 
  custom:audio-decoder-ogg-vorbis: bf7c407c2cedff20999df2af8eb42d56 -> 
  custom:audio-encoder-webm-vorbis: bf7c407c2cedff20999df2af8eb42d56 -> 
========================================================================
Received Prepare
Registering precompiled user dll's ...
Registered in 0.002441 seconds.
Begin MonoManager ReloadAssembly
Native extension for WindowsStandalone target not found
Refreshing native plugins compatible for Editor in 0.91 ms, found 2 plugins.
Preloading 0 native plugins for Editor in 0.00 ms.
Mono: successfully reloaded assembly
- Completed reload, in  1.285 seconds
Domain Reload Profiling:
	ReloadAssembly (1285ms)
		BeginReloadAssembly (116ms)
			ExecutionOrderSort (0ms)
			DisableScriptedObjects (6ms)
			BackupInstance (0ms)
			ReleaseScriptingObjects (0ms)
			CreateAndSetChildDomain (39ms)
		EndReloadAssembly (1106ms)
			LoadAssemblies (102ms)
			RebuildTransferFunctionScriptingTraits (0ms)
			SetupTypeCache (368ms)
			ReleaseScriptCaches (2ms)
			RebuildScriptCaches (64ms)
			SetupLoadedEditorAssemblies (378ms)
				LogAssemblyErrors (0ms)
				InitializePlatformSupportModulesInManaged (4ms)
				SetLoadedEditorAssemblies (1ms)
				RefreshPlugins (1ms)
				BeforeProcessingInitializeOnLoad (115ms)
				ProcessInitializeOnLoadAttributes (239ms)
				ProcessInitializeOnLoadMethodAttributes (15ms)
				AfterProcessingInitializeOnLoad (2ms)
				EditorAssembliesLoaded (0ms)
			ExecutionOrderSort2 (0ms)
			AwakeInstancesAfterBackupRestoration (13ms)
Platform modules already initialized, skipping
Refreshing native plugins compatible for Editor in 0.58 ms, found 2 plugins.
Preloading 0 native plugins for Editor in 0.00 ms.
Unloading 2824 Unused Serialized files (Serialized files now loaded: 0)
System memory in use before: 131.0 MB.
System memory in use after: 131.2 MB.

Unloading 14 unused Assets to reduce memory usage. Loaded Objects now: 3525.
Total: 3.507200 ms (FindLiveObjects: 0.297000 ms CreateObjectMapping: 0.128400 ms MarkObjects: 3.058300 ms  DeleteObjects: 0.022600 ms)

AssetImportParameters requested are different than current active one (requested -> active):
  custom:framework-win-MediaFoundation: 216162199b28c13a410421893ffa2e32 -> 
  custom:video-decoder-ogg-theora: a1e56fd34408186e4bbccfd4996cb3dc -> 
  custom:container-muxer-webm: aa71ff27fc2769a1b78a27578f13a17b -> 
  custom:container-demuxer-webm: 4f35f7cbe854078d1ac9338744f61a02 -> 
  custom:container-demuxer-ogg: 62fdf1f143b41e24485cea50d1cbac27 -> 
  custom:video-encoder-webm-vp8: eb34c28f22e8b96e1ab97ce403110664 -> 
  custom:video-decoder-webm-vp8: 9c59270c3fd7afecdb556c50c9e8de78 -> 
  custom:audio-decoder-ogg-vorbis: bf7c407c2cedff20999df2af8eb42d56 -> 
  custom:audio-encoder-webm-vorbis: bf7c407c2cedff20999df2af8eb42d56 -> 
========================================================================
Received Prepare
Registering precompiled user dll's ...
Registered in 0.004596 seconds.
Begin MonoManager ReloadAssembly
Native extension for WindowsStandalone target not found
Refreshing native plugins compatible for Editor in 0.58 ms, found 2 plugins.
Preloading 0 native plugins for Editor in 0.00 ms.
Mono: successfully reloaded assembly
- Completed reload, in  1.195 seconds
Domain Reload Profiling:
	ReloadAssembly (1196ms)
		BeginReloadAssembly (137ms)
			ExecutionOrderSort (0ms)
			DisableScriptedObjects (6ms)
			BackupInstance (0ms)
			ReleaseScriptingObjects (0ms)
			CreateAndSetChildDomain (43ms)
		EndReloadAssembly (993ms)
			LoadAssemblies (113ms)
			RebuildTransferFunctionScriptingTraits (0ms)
			SetupTypeCache (412ms)
			ReleaseScriptCaches (1ms)
			RebuildScriptCaches (44ms)
			SetupLoadedEditorAssemblies (308ms)
				LogAssemblyErrors (0ms)
				InitializePlatformSupportModulesInManaged (4ms)
				SetLoadedEditorAssemblies (1ms)
				RefreshPlugins (1ms)
				BeforeProcessingInitializeOnLoad (86ms)
				ProcessInitializeOnLoadAttributes (199ms)
				ProcessInitializeOnLoadMethodAttributes (16ms)
				AfterProcessingInitializeOnLoad (3ms)
				EditorAssembliesLoaded (0ms)
			ExecutionOrderSort2 (0ms)
			AwakeInstancesAfterBackupRestoration (12ms)
Platform modules already initialized, skipping
Refreshing native plugins compatible for Editor in 0.62 ms, found 2 plugins.
Preloading 0 native plugins for Editor in 0.00 ms.
Unloading 2824 Unused Serialized files (Serialized files now loaded: 0)
System memory in use before: 131.0 MB.
System memory in use after: 131.2 MB.

Unloading 14 unused Assets to reduce memory usage. Loaded Objects now: 3528.
Total: 3.335900 ms (FindLiveObjects: 0.241500 ms CreateObjectMapping: 0.141100 ms MarkObjects: 2.930600 ms  DeleteObjects: 0.021500 ms)

AssetImportParameters requested are different than current active one (requested -> active):
  custom:framework-win-MediaFoundation: 216162199b28c13a410421893ffa2e32 -> 
  custom:video-decoder-ogg-theora: a1e56fd34408186e4bbccfd4996cb3dc -> 
  custom:container-muxer-webm: aa71ff27fc2769a1b78a27578f13a17b -> 
  custom:container-demuxer-webm: 4f35f7cbe854078d1ac9338744f61a02 -> 
  custom:container-demuxer-ogg: 62fdf1f143b41e24485cea50d1cbac27 -> 
  custom:video-encoder-webm-vp8: eb34c28f22e8b96e1ab97ce403110664 -> 
  custom:video-decoder-webm-vp8: 9c59270c3fd7afecdb556c50c9e8de78 -> 
  custom:audio-decoder-ogg-vorbis: bf7c407c2cedff20999df2af8eb42d56 -> 
  custom:audio-encoder-webm-vorbis: bf7c407c2cedff20999df2af8eb42d56 -> 
========================================================================
Received Prepare
Registering precompiled user dll's ...
Registered in 0.002743 seconds.
Begin MonoManager ReloadAssembly
Native extension for WindowsStandalone target not found
Refreshing native plugins compatible for Editor in 0.68 ms, found 2 plugins.
Preloading 0 native plugins for Editor in 0.00 ms.
Mono: successfully reloaded assembly
- Completed reload, in  1.441 seconds
Domain Reload Profiling:
	ReloadAssembly (1441ms)
		BeginReloadAssembly (132ms)
			ExecutionOrderSort (0ms)
			DisableScriptedObjects (8ms)
			BackupInstance (0ms)
			ReleaseScriptingObjects (0ms)
			CreateAndSetChildDomain (40ms)
		EndReloadAssembly (1239ms)
			LoadAssemblies (115ms)
			RebuildTransferFunctionScriptingTraits (0ms)
			SetupTypeCache (465ms)
			ReleaseScriptCaches (1ms)
			RebuildScriptCaches (58ms)
			SetupLoadedEditorAssemblies (409ms)
				LogAssemblyErrors (0ms)
				InitializePlatformSupportModulesInManaged (4ms)
				SetLoadedEditorAssemblies (1ms)
				RefreshPlugins (1ms)
				BeforeProcessingInitializeOnLoad (101ms)
				ProcessInitializeOnLoadAttributes (278ms)
				ProcessInitializeOnLoadMethodAttributes (20ms)
				AfterProcessingInitializeOnLoad (3ms)
				EditorAssembliesLoaded (0ms)
			ExecutionOrderSort2 (0ms)
			AwakeInstancesAfterBackupRestoration (16ms)
Platform modules already initialized, skipping
Refreshing native plugins compatible for Editor in 0.65 ms, found 2 plugins.
Preloading 0 native plugins for Editor in 0.00 ms.
Unloading 2824 Unused Serialized files (Serialized files now loaded: 0)
System memory in use before: 131.0 MB.
System memory in use after: 131.2 MB.

Unloading 14 unused Assets to reduce memory usage. Loaded Objects now: 3531.
Total: 5.040700 ms (FindLiveObjects: 0.277200 ms CreateObjectMapping: 0.187300 ms MarkObjects: 4.543300 ms  DeleteObjects: 0.031800 ms)

AssetImportParameters requested are different than current active one (requested -> active):
  custom:framework-win-MediaFoundation: 216162199b28c13a410421893ffa2e32 -> 
  custom:video-decoder-ogg-theora: a1e56fd34408186e4bbccfd4996cb3dc -> 
  custom:container-muxer-webm: aa71ff27fc2769a1b78a27578f13a17b -> 
  custom:container-demuxer-webm: 4f35f7cbe854078d1ac9338744f61a02 -> 
  custom:container-demuxer-ogg: 62fdf1f143b41e24485cea50d1cbac27 -> 
  custom:video-encoder-webm-vp8: eb34c28f22e8b96e1ab97ce403110664 -> 
  custom:video-decoder-webm-vp8: 9c59270c3fd7afecdb556c50c9e8de78 -> 
  custom:audio-decoder-ogg-vorbis: bf7c407c2cedff20999df2af8eb42d56 -> 
  custom:audio-encoder-webm-vorbis: bf7c407c2cedff20999df2af8eb42d56 -> 
========================================================================
Received Prepare
Registering precompiled user dll's ...
Registered in 0.002494 seconds.
Begin MonoManager ReloadAssembly
Native extension for WindowsStandalone target not found
Refreshing native plugins compatible for Editor in 0.63 ms, found 2 plugins.
Preloading 0 native plugins for Editor in 0.00 ms.
Mono: successfully reloaded assembly
- Completed reload, in  1.255 seconds
Domain Reload Profiling:
	ReloadAssembly (1256ms)
		BeginReloadAssembly (121ms)
			ExecutionOrderSort (0ms)
			DisableScriptedObjects (6ms)
			BackupInstance (0ms)
			ReleaseScriptingObjects (0ms)
			CreateAndSetChildDomain (36ms)
		EndReloadAssembly (1071ms)
			LoadAssemblies (104ms)
			RebuildTransferFunctionScriptingTraits (0ms)
			SetupTypeCache (439ms)
			ReleaseScriptCaches (1ms)
			RebuildScriptCaches (47ms)
			SetupLoadedEditorAssemblies (353ms)
				LogAssemblyErrors (0ms)
				InitializePlatformSupportModulesInManaged (4ms)
				SetLoadedEditorAssemblies (1ms)
				RefreshPlugins (1ms)
				BeforeProcessingInitializeOnLoad (102ms)
				ProcessInitializeOnLoadAttributes (228ms)
				ProcessInitializeOnLoadMethodAttributes (15ms)
				AfterProcessingInitializeOnLoad (2ms)
				EditorAssembliesLoaded (0ms)
			ExecutionOrderSort2 (0ms)
			AwakeInstancesAfterBackupRestoration (11ms)
Platform modules already initialized, skipping
Refreshing native plugins compatible for Editor in 1.08 ms, found 2 plugins.
Preloading 0 native plugins for Editor in 0.00 ms.
Unloading 2824 Unused Serialized files (Serialized files now loaded: 0)
System memory in use before: 131.0 MB.
System memory in use after: 131.2 MB.

Unloading 14 unused Assets to reduce memory usage. Loaded Objects now: 3534.
Total: 3.710900 ms (FindLiveObjects: 0.272600 ms CreateObjectMapping: 0.152400 ms MarkObjects: 3.259200 ms  DeleteObjects: 0.025400 ms)

AssetImportParameters requested are different than current active one (requested -> active):
  custom:framework-win-MediaFoundation: 216162199b28c13a410421893ffa2e32 -> 
  custom:video-decoder-ogg-theora: a1e56fd34408186e4bbccfd4996cb3dc -> 
  custom:container-muxer-webm: aa71ff27fc2769a1b78a27578f13a17b -> 
  custom:container-demuxer-webm: 4f35f7cbe854078d1ac9338744f61a02 -> 
  custom:container-demuxer-ogg: 62fdf1f143b41e24485cea50d1cbac27 -> 
  custom:video-encoder-webm-vp8: eb34c28f22e8b96e1ab97ce403110664 -> 
  custom:video-decoder-webm-vp8: 9c59270c3fd7afecdb556c50c9e8de78 -> 
  custom:audio-decoder-ogg-vorbis: bf7c407c2cedff20999df2af8eb42d56 -> 
  custom:audio-encoder-webm-vorbis: bf7c407c2cedff20999df2af8eb42d56 -> 
========================================================================
Received Prepare
Registering precompiled user dll's ...
Registered in 0.002723 seconds.
Begin MonoManager ReloadAssembly
Native extension for WindowsStandalone target not found
Refreshing native plugins compatible for Editor in 0.60 ms, found 2 plugins.
Preloading 0 native plugins for Editor in 0.00 ms.
Mono: successfully reloaded assembly
- Completed reload, in  1.128 seconds
Domain Reload Profiling:
	ReloadAssembly (1129ms)
		BeginReloadAssembly (109ms)
			ExecutionOrderSort (0ms)
			DisableScriptedObjects (7ms)
			BackupInstance (0ms)
			ReleaseScriptingObjects (0ms)
			CreateAndSetChildDomain (33ms)
		EndReloadAssembly (963ms)
			LoadAssemblies (95ms)
			RebuildTransferFunctionScriptingTraits (0ms)
			SetupTypeCache (348ms)
			ReleaseScriptCaches (1ms)
			RebuildScriptCaches (47ms)
			SetupLoadedEditorAssemblies (312ms)
				LogAssemblyErrors (0ms)
				InitializePlatformSupportModulesInManaged (4ms)
				SetLoadedEditorAssemblies (1ms)
				RefreshPlugins (1ms)
				BeforeProcessingInitializeOnLoad (86ms)
				ProcessInitializeOnLoadAttributes (205ms)
				ProcessInitializeOnLoadMethodAttributes (14ms)
				AfterProcessingInitializeOnLoad (2ms)
				EditorAssembliesLoaded (0ms)
			ExecutionOrderSort2 (0ms)
			AwakeInstancesAfterBackupRestoration (12ms)
Platform modules already initialized, skipping
Refreshing native plugins compatible for Editor in 0.63 ms, found 2 plugins.
Preloading 0 native plugins for Editor in 0.00 ms.
Unloading 2824 Unused Serialized files (Serialized files now loaded: 0)
System memory in use before: 131.0 MB.
System memory in use after: 131.2 MB.

Unloading 14 unused Assets to reduce memory usage. Loaded Objects now: 3537.
Total: 3.497700 ms (FindLiveObjects: 0.295400 ms CreateObjectMapping: 0.142200 ms MarkObjects: 3.036000 ms  DeleteObjects: 0.023300 ms)

AssetImportParameters requested are different than current active one (requested -> active):
  custom:framework-win-MediaFoundation: 216162199b28c13a410421893ffa2e32 -> 
  custom:video-decoder-ogg-theora: a1e56fd34408186e4bbccfd4996cb3dc -> 
  custom:container-muxer-webm: aa71ff27fc2769a1b78a27578f13a17b -> 
  custom:container-demuxer-webm: 4f35f7cbe854078d1ac9338744f61a02 -> 
  custom:container-demuxer-ogg: 62fdf1f143b41e24485cea50d1cbac27 -> 
  custom:video-encoder-webm-vp8: eb34c28f22e8b96e1ab97ce403110664 -> 
  custom:video-decoder-webm-vp8: 9c59270c3fd7afecdb556c50c9e8de78 -> 
  custom:audio-decoder-ogg-vorbis: bf7c407c2cedff20999df2af8eb42d56 -> 
  custom:audio-encoder-webm-vorbis: bf7c407c2cedff20999df2af8eb42d56 -> 
========================================================================
Received Prepare
Registering precompiled user dll's ...
Registered in 0.005162 seconds.
Begin MonoManager ReloadAssembly
Native extension for WindowsStandalone target not found
Refreshing native plugins compatible for Editor in 2.60 ms, found 2 plugins.
Preloading 0 native plugins for Editor in 0.00 ms.
Mono: successfully reloaded assembly
- Completed reload, in  2.049 seconds
Domain Reload Profiling:
	ReloadAssembly (2049ms)
		BeginReloadAssembly (136ms)
			ExecutionOrderSort (0ms)
			DisableScriptedObjects (6ms)
			BackupInstance (0ms)
			ReleaseScriptingObjects (0ms)
			CreateAndSetChildDomain (41ms)
		EndReloadAssembly (1828ms)
			LoadAssemblies (129ms)
			RebuildTransferFunctionScriptingTraits (0ms)
			SetupTypeCache (749ms)
			ReleaseScriptCaches (6ms)
			RebuildScriptCaches (121ms)
			SetupLoadedEditorAssemblies (575ms)
				LogAssemblyErrors (0ms)
				InitializePlatformSupportModulesInManaged (6ms)
				SetLoadedEditorAssemblies (3ms)
				RefreshPlugins (3ms)
				BeforeProcessingInitializeOnLoad (158ms)
				ProcessInitializeOnLoadAttributes (384ms)
				ProcessInitializeOnLoadMethodAttributes (18ms)
				AfterProcessingInitializeOnLoad (3ms)
				EditorAssembliesLoaded (0ms)
			ExecutionOrderSort2 (0ms)
			AwakeInstancesAfterBackupRestoration (15ms)
Platform modules already initialized, skipping
Refreshing native plugins compatible for Editor in 0.63 ms, found 2 plugins.
Preloading 0 native plugins for Editor in 0.00 ms.
Unloading 2824 Unused Serialized files (Serialized files now loaded: 0)
System memory in use before: 131.0 MB.
System memory in use after: 131.2 MB.

Unloading 14 unused Assets to reduce memory usage. Loaded Objects now: 3540.
Total: 4.565700 ms (FindLiveObjects: 0.420900 ms CreateObjectMapping: 0.295600 ms MarkObjects: 3.786600 ms  DeleteObjects: 0.061500 ms)

AssetImportParameters requested are different than current active one (requested -> active):
  custom:framework-win-MediaFoundation: 216162199b28c13a410421893ffa2e32 -> 
  custom:video-decoder-ogg-theora: a1e56fd34408186e4bbccfd4996cb3dc -> 
  custom:container-muxer-webm: aa71ff27fc2769a1b78a27578f13a17b -> 
  custom:container-demuxer-webm: 4f35f7cbe854078d1ac9338744f61a02 -> 
  custom:container-demuxer-ogg: 62fdf1f143b41e24485cea50d1cbac27 -> 
  custom:video-encoder-webm-vp8: eb34c28f22e8b96e1ab97ce403110664 -> 
  custom:video-decoder-webm-vp8: 9c59270c3fd7afecdb556c50c9e8de78 -> 
  custom:audio-decoder-ogg-vorbis: bf7c407c2cedff20999df2af8eb42d56 -> 
  custom:audio-encoder-webm-vorbis: bf7c407c2cedff20999df2af8eb42d56 -> 
========================================================================
Received Prepare
Registering precompiled user dll's ...
Registered in 0.002484 seconds.
Begin MonoManager ReloadAssembly
Native extension for WindowsStandalone target not found
Refreshing native plugins compatible for Editor in 0.75 ms, found 2 plugins.
Preloading 0 native plugins for Editor in 0.00 ms.
Mono: successfully reloaded assembly
- Completed reload, in  1.208 seconds
Domain Reload Profiling:
	ReloadAssembly (1208ms)
		BeginReloadAssembly (117ms)
			ExecutionOrderSort (0ms)
			DisableScriptedObjects (5ms)
			BackupInstance (0ms)
			ReleaseScriptingObjects (0ms)
			CreateAndSetChildDomain (34ms)
		EndReloadAssembly (1032ms)
			LoadAssemblies (103ms)
			RebuildTransferFunctionScriptingTraits (0ms)
			SetupTypeCache (380ms)
			ReleaseScriptCaches (2ms)
			RebuildScriptCaches (61ms)
			SetupLoadedEditorAssemblies (327ms)
				LogAssemblyErrors (0ms)
				InitializePlatformSupportModulesInManaged (4ms)
				SetLoadedEditorAssemblies (1ms)
				RefreshPlugins (1ms)
				BeforeProcessingInitializeOnLoad (89ms)
				ProcessInitializeOnLoadAttributes (212ms)
				ProcessInitializeOnLoadMethodAttributes (16ms)
				AfterProcessingInitializeOnLoad (2ms)
				EditorAssembliesLoaded (0ms)
			ExecutionOrderSort2 (0ms)
			AwakeInstancesAfterBackupRestoration (13ms)
Platform modules already initialized, skipping
Refreshing native plugins compatible for Editor in 0.57 ms, found 2 plugins.
Preloading 0 native plugins for Editor in 0.00 ms.
Unloading 2824 Unused Serialized files (Serialized files now loaded: 0)
System memory in use before: 131.0 MB.
System memory in use after: 131.2 MB.

Unloading 14 unused Assets to reduce memory usage. Loaded Objects now: 3543.
Total: 3.446600 ms (FindLiveObjects: 0.260400 ms CreateObjectMapping: 0.130000 ms MarkObjects: 3.032600 ms  DeleteObjects: 0.022900 ms)

AssetImportParameters requested are different than current active one (requested -> active):
  custom:framework-win-MediaFoundation: 216162199b28c13a410421893ffa2e32 -> 
  custom:video-decoder-ogg-theora: a1e56fd34408186e4bbccfd4996cb3dc -> 
  custom:container-muxer-webm: aa71ff27fc2769a1b78a27578f13a17b -> 
  custom:container-demuxer-webm: 4f35f7cbe854078d1ac9338744f61a02 -> 
  custom:container-demuxer-ogg: 62fdf1f143b41e24485cea50d1cbac27 -> 
  custom:video-encoder-webm-vp8: eb34c28f22e8b96e1ab97ce403110664 -> 
  custom:video-decoder-webm-vp8: 9c59270c3fd7afecdb556c50c9e8de78 -> 
  custom:audio-decoder-ogg-vorbis: bf7c407c2cedff20999df2af8eb42d56 -> 
  custom:audio-encoder-webm-vorbis: bf7c407c2cedff20999df2af8eb42d56 -> 
========================================================================
Received Prepare
Registering precompiled user dll's ...
Registered in 0.002617 seconds.
Begin MonoManager ReloadAssembly
Native extension for WindowsStandalone target not found
Refreshing native plugins compatible for Editor in 0.63 ms, found 2 plugins.
Preloading 0 native plugins for Editor in 0.00 ms.
Mono: successfully reloaded assembly
- Completed reload, in  1.229 seconds
Domain Reload Profiling:
	ReloadAssembly (1229ms)
		BeginReloadAssembly (126ms)
			ExecutionOrderSort (0ms)
			DisableScriptedObjects (5ms)
			BackupInstance (0ms)
			ReleaseScriptingObjects (0ms)
			CreateAndSetChildDomain (41ms)
		EndReloadAssembly (1044ms)
			LoadAssemblies (110ms)
			RebuildTransferFunctionScriptingTraits (0ms)
			SetupTypeCache (428ms)
			ReleaseScriptCaches (1ms)
			RebuildScriptCaches (52ms)
			SetupLoadedEditorAssemblies (318ms)
				LogAssemblyErrors (0ms)
				InitializePlatformSupportModulesInManaged (4ms)
				SetLoadedEditorAssemblies (1ms)
				RefreshPlugins (1ms)
				BeforeProcessingInitializeOnLoad (89ms)
				ProcessInitializeOnLoadAttributes (208ms)
				ProcessInitializeOnLoadMethodAttributes (15ms)
				AfterProcessingInitializeOnLoad (2ms)
				EditorAssembliesLoaded (0ms)
			ExecutionOrderSort2 (0ms)
			AwakeInstancesAfterBackupRestoration (12ms)
Platform modules already initialized, skipping
Refreshing native plugins compatible for Editor in 0.59 ms, found 2 plugins.
Preloading 0 native plugins for Editor in 0.00 ms.
Unloading 2824 Unused Serialized files (Serialized files now loaded: 0)
System memory in use before: 131.0 MB.
System memory in use after: 131.3 MB.

Unloading 14 unused Assets to reduce memory usage. Loaded Objects now: 3546.
Total: 3.560300 ms (FindLiveObjects: 0.273900 ms CreateObjectMapping: 0.144100 ms MarkObjects: 3.117600 ms  DeleteObjects: 0.023500 ms)

AssetImportParameters requested are different than current active one (requested -> active):
  custom:framework-win-MediaFoundation: 216162199b28c13a410421893ffa2e32 -> 
  custom:video-decoder-ogg-theora: a1e56fd34408186e4bbccfd4996cb3dc -> 
  custom:container-muxer-webm: aa71ff27fc2769a1b78a27578f13a17b -> 
  custom:container-demuxer-webm: 4f35f7cbe854078d1ac9338744f61a02 -> 
  custom:container-demuxer-ogg: 62fdf1f143b41e24485cea50d1cbac27 -> 
  custom:video-encoder-webm-vp8: eb34c28f22e8b96e1ab97ce403110664 -> 
  custom:video-decoder-webm-vp8: 9c59270c3fd7afecdb556c50c9e8de78 -> 
  custom:audio-decoder-ogg-vorbis: bf7c407c2cedff20999df2af8eb42d56 -> 
  custom:audio-encoder-webm-vorbis: bf7c407c2cedff20999df2af8eb42d56 -> 
AssetImportWorkerClient::OnTransportError - code=2 error=End of file
